Unloading the cpe module is insufficient to restore the system defaults.
Please run 'source
/opt/cray/pe/cpe/22.11/restore_lmod_system_defaults.[csh|sh]'. 
Wed 15 Feb 2023 01:56:43 PM PST
run rs with parcelport mpi; max_level=7




          ___       _      _____ _                 
         / _ \  ___| |_ __|_   _(_) __ _  ___ _ __ 
        | | | |/ __| __/ _ \| | | |/ _` |/ _ \ '__|
        | |_| | (__| || (_) | | | | (_| |  __/ |   
         \___/ \___|\__\___/|_| |_|\__, |\___|_|   
      _                            |___/           
     (_)
              _ __..-;''`-
      O   (`/' ` |  \ \ \ \-.
       o /'`\ \   |  \ | \|  \
        /<7' ;  \ \  | ; ||/ `'.
       /  _.-, `,-\,__| ' ' . `'.
       `-`  f/ ;       \        \             ___.--,
           `~-'_.._     |  -~    |     _.---'`__.-( (_.
        __.--'`_.. '.__.\    '--. \_.-' ,.--'`     `""`
       ( ,.--'`   ',__ /./;   ;, '.__.'`    __
       _`) )  .---.__.' / |   |\   \__..--""  """--.,_
      `---' .'.''-._.-'`_./  /\ '.  \ _.-~~~````~~~-._`-.__.'
            | |  .' _.-' |  |  \  \  '.               `~---`
             \ \/ .'     \  \   '. '-._)
              \/ /        \  \    `=.__`~-.
              / /\         `) )    / / `"".`\
        , _.-'.'\ \        / /    ( (     / /
         `--~`   ) )    .-'.'      '.'.  | (
                (/`    ( (`          ) )  '-;
                 `      '-;         (-'





    
###########################################################
Compiled for AVX2 SIMD architectures.
###########################################################
Running
Start octotiger
Start processing options
atomic_number=
atomic_mass=
X=
Z=
accretor_refine = 0
amrbnd_order = 1
bench = F
cdisc_detect = T
cfl = 4.000000e-01
clight_retard = 1.000000e+01
config_file = /global/u1/j/jackyan/workspace/octotiger-scripts/data/rotating_star.ini
core_refine = F
correct_am_grav = T
correct_am_hydro = F
code_to_cm = 1.000000e+00
code_to_g = 1.000000e+00
code_to_s = 1.000000e+00
data_dir = ./
disable_output = T
driving_rate = 0.000000e+00
driving_time = 0.000000e+00
dt_max = 3.333330e-01
donor_refine = 0
dual_energy_sw1 = 1.000000e-03
dual_energy_sw2 = 1.000000e-01
eblast0 = 1.000000e+00
eos = IDEAL
entropy_driving_rate = 0.000000e+00
entropy_driving_time = 0.000000e+00
future_wait_time = -1
grad_rho_refine = -1.000000e+00
hard_dt = -1.000000e+00
hydro = T
inflow_bc = F
input_file = rotating_star.bin
min_level = 1
max_level = 7
n_species = 5
ngrids = -1
omega = 0.000000e+00
output_dt = 1.000000e-01
output_filename = 
problem = ROTATING_STAR
rad_implicit = T
radiation = F
refinement_floor = 1.000000e-03
reflect_bc = F
restart_filename = 
rotating_star_amr = F
rotating_star_x = 0.000000e+00
scf_output_frequency = 25
silo_num_groups = 32
stop_step = 5
stop_time = 1.000000e-01
theta = 3.400000e-01
unigrid = F
v1309 = F
idle_rates = F
xscale = 1.500000e+00
cuda_number_gpus = 1
cuda_streams_per_gpu = 128
cuda_buffer_capacity = 1
max_executor_slices = 1
amr_boundary_kernel_type = AMR_OPTIMIZED
root_node_on_device = T
optimize_local_communication = T
multipole_device_kernel_type = CUDA
multipole_host_kernel_type = DEVICE_ONLY
monopole_device_kernel_type = CUDA
monopole_host_kernel_type = DEVICE_ONLY
hydro_device_kernel_type = CUDA
hydro_host_kernel_type = DEVICE_ONLY
Normalized constants 222
1.000000e+00 1.000000e+00 3.871264e+03 1.000000e+00
A = 1.000000e+00 | B = 1.000000e+00 | G = 1.000000e+00 | kb = 2.069149e-09 | c = 1.160576e+14 | mh = 1.673300e-24 | sigma = 3.289883e+06 | h = 2.565129e-23
Finished processing options
SCF option file "scf.init" not found - using defaults
Initialize executors and masks...
Registering HPX CUDA polling...
Registered HPX CUDA polling...
CUDA is enabled!
CUDA with polling futures enabled!
Initialize executors and masks...
Initialize executors and masks...
Registering HPX CUDA polling...
Initialize executors and masks...
Registering HPX CUDA polling...
CUDA is enabled!
CUDA with polling futures enabled!
Registered HPX CUDA polling...
CUDA is enabled!
CUDA with polling futures enabled!
Registered HPX CUDA polling...
Registering HPX CUDA polling...
Initialize executors and masks...
CUDA is enabled!
CUDA with polling futures enabled!
Initialize executors and masks...
Registered HPX CUDA polling...
Initialize executors and masks...
Registering HPX CUDA polling...
CUDA is enabled!
CUDA with polling futures enabled!
Registering HPX CUDA polling...
Registering HPX CUDA polling...
Registered HPX CUDA polling...
Registered HPX CUDA polling...
CUDA is enabled!
CUDA with polling futures enabled!
Registered HPX CUDA polling...
CUDA is enabled!
CUDA with polling futures enabled!
Initialize executors and masks...
Registering HPX CUDA polling...
CUDA is enabled!
CUDA with polling futures enabled!
Initialize executors and masks...
Registered HPX CUDA polling...
Initialize executors and masks...
Registering HPX CUDA polling...
Registering HPX CUDA polling...
CUDA is enabled!
CUDA with polling futures enabled!
Registered HPX CUDA polling...
CUDA is enabled!
CUDA with polling futures enabled!
Registered HPX CUDA polling...
Initialize executors and masks...
Initialize executors and masks...
Registering HPX CUDA polling...
Initialize executors and masks...
Registering HPX CUDA polling...
Registered HPX CUDA polling...
Initialize executors and masks...
Registered HPX CUDA polling...
CUDA is enabled!
CUDA with polling futures enabled!
Registering HPX CUDA polling...
CUDA is enabled!
Registering HPX CUDA polling...
Initialize executors and masks...
Registered HPX CUDA polling...
CUDA with polling futures enabled!
Registering HPX CUDA polling...
CUDA is enabled!
CUDA with polling futures enabled!
Registered HPX CUDA polling...
CUDA is enabled!
CUDA with polling futures enabled!
Registered HPX CUDA polling...
CUDA is enabled!
CUDA with polling futures enabled!
Initialize executors and masks...
Registering HPX CUDA polling...
Registered HPX CUDA polling...
CUDA is enabled!
CUDA with polling futures enabled!
Initialize executors and masks...
Registering HPX CUDA polling...
CUDA is enabled!
CUDA with polling futures enabled!
Registered HPX CUDA polling...
Initialize executors and masks...
Registering HPX CUDA polling...
Initialize executors and masks...
Registered HPX CUDA polling...
Initialize executors and masks...
Registering HPX CUDA polling...
CUDA is enabled!
CUDA with polling futures enabled!
Registering HPX CUDA polling...
Registered HPX CUDA polling...
CUDA is enabled!
CUDA with polling futures enabled!
Registered HPX CUDA polling...
CUDA is enabled!
CUDA with polling futures enabled!
Initialize executors and masks...
Initialize executors and masks...
Registering HPX CUDA polling...
Registered HPX CUDA polling...
Registering HPX CUDA polling...
CUDA is enabled!
CUDA with polling futures enabled!
Registered HPX CUDA polling...
CUDA is enabled!
Initialize executors and masks...
CUDA with polling futures enabled!
Registering HPX CUDA polling...
Initialize executors and masks...
Registered HPX CUDA polling...
Registering HPX CUDA polling...
Initialize executors and masks...
Initialize executors and masks...
CUDA is enabled!
CUDA with polling futures enabled!
Registering HPX CUDA polling...
Initialize executors and masks...
Registered HPX CUDA polling...
Initialize executors and masks...
Registering HPX CUDA polling...
CUDA is enabled!
CUDA with polling futures enabled!
Registered HPX CUDA polling...
CUDA is enabled!
CUDA with polling futures enabled!
Registered HPX CUDA polling...
CUDA is enabled!
Registering HPX CUDA polling...
CUDA with polling futures enabled!
Registering HPX CUDA polling...
CUDA is enabled!
CUDA with polling futures enabled!
Registered HPX CUDA polling...
CUDA is enabled!
CUDA with polling futures enabled!
Registered HPX CUDA polling...
Initialize executors and masks...
Initialize executors and masks...
Registering HPX CUDA polling...
Initialize executors and masks...
Registered HPX CUDA polling...
CUDA is enabled!
CUDA with polling futures enabled!
Registering HPX CUDA polling...
CUDA is enabled!
CUDA with polling futures enabled!
Registering HPX CUDA polling...
Registered HPX CUDA polling...
Registered HPX CUDA polling...
CUDA is enabled!
CUDA with polling futures enabled!
Initialize executors and masks...
Registering HPX CUDA polling...
Registered HPX CUDA polling...
CUDA is enabled!
CUDA with polling futures enabled!
Stencils initialized!
Finished executor init and read options
Initialize problem...
Compiled with max nf -DOCTOTIGER_WITH_MAX_NUMBER_FIELDS=15
Problem initialized!
Finished initializing options
Starting to compute ilist...
Stencils initialized!
Finished executor init and read options
Initialize problem...
Compiled with max nf -DOCTOTIGER_WITH_MAX_NUMBER_FIELDS=15
Problem initialized!
Finished initializing options
Starting to compute ilist...
Stencils initialized!
Finished executor init and read options
Initialize problem...
Compiled with max nf -DOCTOTIGER_WITH_MAX_NUMBER_FIELDS=15
Problem initialized!
Finished initializing options
Starting to compute ilist...
Stencils initialized!
Finished executor init and read options
Initialize problem...
Compiled with max nf -DOCTOTIGER_WITH_MAX_NUMBER_FIELDS=15
Problem initialized!
Starting to compute ilist...
Finished initializing options
Stencils initialized!
Finished executor init and read options
Initialize problem...
Compiled with max nf -DOCTOTIGER_WITH_MAX_NUMBER_FIELDS=15
Problem initialized!
Finished initializing options
Starting to compute ilist...
Stencils initialized!
Finished executor init and read options
Initialize problem...
Compiled with max nf -DOCTOTIGER_WITH_MAX_NUMBER_FIELDS=15
Problem initialized!
Finished initializing options
Starting to compute ilist...
Stencils initialized!
Finished executor init and read options
Initialize problem...
Stencils initialized!
Compiled with max nf -DOCTOTIGER_WITH_MAX_NUMBER_FIELDS=15
Finished executor init and read options
Problem initialized!
Initialize problem...
Finished initializing options
Stencils initialized!
Finished executor init and read options
Starting to compute ilist...
Initialize problem...
Compiled with max nf -DOCTOTIGER_WITH_MAX_NUMBER_FIELDS=15
Problem initialized!
Finished initializing options
Starting to compute ilist...
Stencils initialized!
Finished executor init and read options
Initialize problem...
Stencils initialized!
Finished executor init and read options
Initialize problem...
Compiled with max nf -DOCTOTIGER_WITH_MAX_NUMBER_FIELDS=15
Stencils initialized!
Compiled with max nf -DOCTOTIGER_WITH_MAX_NUMBER_FIELDS=15
Finished executor init and read options
Problem initialized!
Problem initialized!
Finished initializing options
Initialize problem...
Finished initializing options
Starting to compute ilist...
Starting to compute ilist...
Compiled with max nf -DOCTOTIGER_WITH_MAX_NUMBER_FIELDS=15
Problem initialized!
Finished initializing options
Starting to compute ilist...
Stencils initialized!
Finished executor init and read options
Initialize problem...
Compiled with max nf -DOCTOTIGER_WITH_MAX_NUMBER_FIELDS=15
Problem initialized!
Finished initializing options
Starting to compute ilist...
Stencils initialized!
Compiled with max nf -DOCTOTIGER_WITH_MAX_NUMBER_FIELDS=15
Finished executor init and read options
Problem initialized!
Finished initializing options
Initialize problem...
Starting to compute ilist...
Compiled with max nf -DOCTOTIGER_WITH_MAX_NUMBER_FIELDS=15
Problem initialized!
Finished initializing options
Starting to compute ilist...
Stencils initialized!
Finished executor init and read options
Initialize problem...
Compiled with max nf -DOCTOTIGER_WITH_MAX_NUMBER_FIELDS=15
Problem initialized!
Finished initializing options
Starting to compute ilist...
Stencils initialized!
Finished executor init and read options
Initialize problem...
Stencils initialized!
Finished executor init and read options
Initialize problem...
Compiled with max nf -DOCTOTIGER_WITH_MAX_NUMBER_FIELDS=15
Problem initialized!
Finished initializing options
Starting to compute ilist...
Compiled with max nf -DOCTOTIGER_WITH_MAX_NUMBER_FIELDS=15
Problem initialized!
Finished initializing options
Starting to compute ilist...
Stencils initialized!
Finished executor init and read options
Initialize problem...
Compiled with max nf -DOCTOTIGER_WITH_MAX_NUMBER_FIELDS=15
Problem initialized!
Finished initializing options
Starting to compute ilist...
Stencils initialized!
Finished executor init and read options
Initialize problem...
Compiled with max nf -DOCTOTIGER_WITH_MAX_NUMBER_FIELDS=15
Problem initialized!
Finished initializing options
Starting to compute ilist...
Stencils initialized!
Finished executor init and read options
Initialize problem...
Compiled with max nf -DOCTOTIGER_WITH_MAX_NUMBER_FIELDS=15
Problem initialized!
Finished initializing options
Starting to compute ilist...
Stencils initialized!
Finished executor init and read options
Initialize problem...
Stencils initialized!
Finished executor init and read options
Initialize problem...
Compiled with max nf -DOCTOTIGER_WITH_MAX_NUMBER_FIELDS=15
Problem initialized!
Finished initializing options
Starting to compute ilist...
Compiled with max nf -DOCTOTIGER_WITH_MAX_NUMBER_FIELDS=15
Problem initialized!
Finished initializing options
Starting to compute ilist...
Stencils initialized!
Finished executor init and read options
Initialize problem...
Stencils initialized!
Finished executor init and read options
Initialize problem...
Compiled with max nf -DOCTOTIGER_WITH_MAX_NUMBER_FIELDS=15
Problem initialized!
Finished initializing options
Starting to compute ilist...
Stencils initialized!
Finished executor init and read options
Initialize problem...
Stencils initialized!
Finished executor init and read options
Initialize problem...
Compiled with max nf -DOCTOTIGER_WITH_MAX_NUMBER_FIELDS=15
Problem initialized!
Finished initializing options
Starting to compute ilist...
Compiled with max nf -DOCTOTIGER_WITH_MAX_NUMBER_FIELDS=15
Problem initialized!
Finished initializing options
Starting to compute ilist...
Compiled with max nf -DOCTOTIGER_WITH_MAX_NUMBER_FIELDS=15
Problem initialized!
Finished initializing options
Starting to compute ilist...
Stencils initialized!
Finished executor init and read options
Initialize problem...
Stencils initialized!
Finished executor init and read options
Initialize problem...
Stencils initialized!
Finished executor init and read options
Initialize problem...
Stencils initialized!
Finished executor init and read options
Initialize problem...
Compiled with max nf -DOCTOTIGER_WITH_MAX_NUMBER_FIELDS=15
Problem initialized!
Finished initializing options
Starting to compute ilist...
Compiled with max nf -DOCTOTIGER_WITH_MAX_NUMBER_FIELDS=15
Problem initialized!
Finished initializing options
Starting to compute ilist...
Compiled with max nf -DOCTOTIGER_WITH_MAX_NUMBER_FIELDS=15
Problem initialized!
Finished initializing options
Starting to compute ilist...
Stencils initialized!
Finished executor init and read options
Initialize problem...
Stencils initialized!
Finished executor init and read options
Initialize problem...
Compiled with max nf -DOCTOTIGER_WITH_MAX_NUMBER_FIELDS=15
Problem initialized!
Finished initializing options
Starting to compute ilist...
Compiled with max nf -DOCTOTIGER_WITH_MAX_NUMBER_FIELDS=15
Problem initialized!
Finished initializing options
Starting to compute ilist...
Compiled with max nf -DOCTOTIGER_WITH_MAX_NUMBER_FIELDS=15
Problem initialized!
Finished initializing options
Starting to compute ilist...
ilist initialized!
ilist initialized!
Finished computing factors
Finished computing factors
Finished static_init
Finished normalizing
Finished initialization
Finished static_init
Finished normalizing
Finished initialization
ilist initialized!
Finished computing factors
Finished static_init
Finished normalizing
Finished initialization
ilist initialized!
Finished computing factors
Finished static_init
Finished normalizing
Finished initialization
ilist initialized!
Finished computing factors
ilist initialized!
ilist initialized!
Finished computing factors
ilist initialized!
Finished static_init
Finished normalizing
Finished initialization
Finished computing factors
Finished static_init
Finished normalizing
Finished initialization
Finished computing factors
Finished static_init
Finished normalizing
Finished initialization
ilist initialized!
Finished computing factors
ilist initialized!
Finished static_init
Finished normalizing
Finished initialization
Finished computing factors
ilist initialized!
Finished computing factors
Finished static_init
Finished normalizing
Finished initialization
ilist initialized!
ilist initialized!
ilist initialized!
Finished computing factors
Finished computing factors
Finished computing factors
Finished static_init
Finished static_init
Finished normalizing
Finished normalizing
Finished initialization
Finished initialization
ilist initialized!
Finished static_init
Finished normalizing
Finished initialization
Finished computing factors
Finished static_init
Finished normalizing
Finished initialization
Finished static_init
ilist initialized!
Finished normalizing
Finished initialization
ilist initialized!
Finished computing factors
Finished static_init
Finished normalizing
Finished initialization
Finished computing factors
Finished static_init
Finished normalizing
Finished initialization
ilist initialized!
Finished computing factors
Finished static_init
Finished normalizing
Finished initialization
ilist initialized!
Finished computing factors
Finished static_init
Finished normalizing
Finished initialization
ilist initialized!
Finished computing factors
ilist initialized!
Finished computing factors
Finished static_init
Finished normalizing
Finished initialization
ilist initialized!
ilist initialized!
ilist initialized!
Finished computing factors
Finished computing factors
Finished static_init
Finished normalizing
Finished initialization
ilist initialized!
Finished static_init
Finished normalizing
Finished computing factors
Finished initialization
Finished static_init
Finished normalizing
Finished initialization
Finished computing factors
Finished static_init
Finished normalizing
Finished initialization
ilist initialized!
Finished computing factors
ilist initialized!
ilist initialized!
ilist initialized!
Finished computing factors
Finished static_init
Finished normalizing
Finished initialization
Finished static_init
Finished normalizing
Finished initialization
Finished computing factors
Finished computing factors
Finished static_init
Finished normalizing
Finished static_init
Finished initialization
Finished normalizing
Finished initialization
Finished static_init
Finished normalizing
Finished initialization
ilist initialized!
ilist initialized!
Finished computing factors
Finished computing factors
Finished static_init
Finished normalizing
Finished initialization
Finished static_init
Normalized constants 222
1.000000e+00 1.000000e+00 3.871264e+03 1.000000e+00
A = 1.000000e+00 | B = 1.000000e+00 | G = 1.000000e+00 | kb = 2.069149e-09 | c = 1.160576e+14 | mh = 1.673300e-24 | sigma = 3.289883e+06 | h = 2.565129e-23
Finished normalizing
Finished initialization
ilist initialized!
Finished computing factors
Finished static_init
Finished normalizing
Finished initialization
Finished static_init
Finished normalizing
Finished initialization
Finished init
Initializing cell_geometry 3 8 14
Reading rotating_star.bin
Done reading rotating_star.bin
Omega = 5.155548e-01
Found root
Starting refinement
-----------------------------------------------
checking for refinement
regridding
Regridded tree in 0.000002 seconds
rebalancing 9 nodes with 8 leaves
Initializing cell_geometry 3 8 14
Initializing cell_geometry 3 8 14
Initializing cell_geometry 3 8 14
Initializing cell_geometry 3 8 14
Initializing cell_geometry 3 8 14
Initializing cell_geometry 3 8 14
Initializing cell_geometry 3 8 14
Reading rotating_star.bin
Done reading rotating_star.bin
Omega = 5.155548e-01
Reading rotating_star.bin
Done reading rotating_star.bin
Omega = 5.155548e-01
Initializing cell_geometry 3 8 14
Reading rotating_star.bin
Done reading rotating_star.bin
Omega = 5.155548e-01
Reading rotating_star.bin
Done reading rotating_star.bin
Omega = 5.155548e-01
Reading rotating_star.bin
Done reading rotating_star.bin
Omega = 5.155548e-01
Reading rotating_star.bin
Done reading rotating_star.bin
Omega = 5.155548e-01
Reading rotating_star.bin
Done reading rotating_star.bin
Omega = 5.155548e-01
Reading rotating_star.bin
Done reading rotating_star.bin
Omega = 5.155548e-01
Rebalanced tree in 0.104906 seconds
forming tree connections
24 amr boundaries
Formed tree in 0.010206 seconds
solving gravity
regrid done in 0.124734 seconds
---------------------------------------
---------------Created Level 1---------------

-----------------------------------------------
checking for refinement
regridding
Regridded tree in 0.000440 seconds
rebalancing 73 nodes with 64 leaves
Initializing cell_geometry 3 8 14
Initializing cell_geometry 3 8 14
Initializing cell_geometry 3 8 14
Initializing cell_geometry 3 8 14
Initializing cell_geometry 3 8 14
Initializing cell_geometry 3 8 14
Initializing cell_geometry 3 8 14
Initializing cell_geometry 3 8 14
Initializing cell_geometry 3 8 14
Initializing cell_geometry 3 8 14
Initializing cell_geometry 3 8 14
Initializing cell_geometry 3 8 14
Reading rotating_star.bin
Done reading rotating_star.bin
Omega = 5.155548e-01
Reading rotating_star.bin
Done reading rotating_star.bin
Omega = 5.155548e-01
Initializing cell_geometry 3 8 14
Reading rotating_star.bin
Done reading rotating_star.bin
Omega = 5.155548e-01
Initializing cell_geometry 3 8 14
Initializing cell_geometry 3 8 14
Initializing cell_geometry 3 8 14
Reading rotating_star.bin
Done reading rotating_star.bin
Omega = 5.155548e-01
Initializing cell_geometry 3 8 14
Reading rotating_star.bin
Done reading rotating_star.bin
Omega = 5.155548e-01
Reading rotating_star.bin
Done reading rotating_star.bin
Omega = 5.155548e-01
Reading rotating_star.bin
Done reading rotating_star.bin
Omega = 5.155548e-01
Initializing cell_geometry 3 8 14
Initializing cell_geometry 3 8 14
Reading rotating_star.bin
Done reading rotating_star.bin
Omega = 5.155548e-01
Reading rotating_star.bin
Done reading rotating_star.bin
Omega = 5.155548e-01
Reading rotating_star.bin
Done reading rotating_star.bin
Omega = 5.155548e-01
Reading rotating_star.bin
Done reading rotating_star.bin
Omega = 5.155548e-01
Reading rotating_star.bin
Done reading rotating_star.bin
Omega = 5.155548e-01
Reading rotating_star.bin
Done reading rotating_star.bin
Omega = 5.155548e-01
Reading rotating_star.bin
Done reading rotating_star.bin
Omega = 5.155548e-01
Reading rotating_star.bin
Done reading rotating_star.bin
Omega = 5.155548e-01
Initializing cell_geometry 3 8 14
Reading rotating_star.bin
Done reading rotating_star.bin
Omega = 5.155548e-01
Initializing cell_geometry 3 8 14
Reading rotating_star.bin
Done reading rotating_star.bin
Omega = 5.155548e-01
Reading rotating_star.bin
Done reading rotating_star.bin
Omega = 5.155548e-01
Reading rotating_star.bin
Done reading rotating_star.bin
Omega = 5.155548e-01
Reading rotating_star.bin
Done reading rotating_star.bin
Omega = 5.155548e-01
Reading rotating_star.bin
Done reading rotating_star.bin
Omega = 5.155548e-01
Initializing cell_geometry 3 8 14
Initializing cell_geometry 3 8 14
Reading rotating_star.bin
Done reading rotating_star.bin
Omega = 5.155548e-01
Reading rotating_star.bin
Done reading rotating_star.bin
Omega = 5.155548e-01
Rebalanced tree in 0.300095 seconds
forming tree connections
120 amr boundaries
Formed tree in 0.250024 seconds
solving gravity
regrid done in 0.579932 seconds
---------------------------------------
---------------Created Level 2---------------

-----------------------------------------------
checking for refinement
regridding
Regridded tree in 0.000847 seconds
rebalancing 265 nodes with 232 leaves
Rebalanced tree in 0.009873 seconds
forming tree connections
344 amr boundaries
Formed tree in 0.084606 seconds
solving gravity
regrid done in 0.349308 seconds
---------------------------------------
---------------Created Level 3---------------

-----------------------------------------------
checking for refinement
regridding
Regridded tree in 0.001721 seconds
rebalancing 1353 nodes with 1184 leaves
Rebalanced tree in 0.017464 seconds
forming tree connections
1080 amr boundaries
Formed tree in 0.260186 seconds
solving gravity
regrid done in 0.414664 seconds
---------------------------------------
---------------Created Level 4---------------

-----------------------------------------------
checking for refinement
regridding
Regridded tree in 0.001178 seconds
rebalancing 6153 nodes with 5384 leaves
Rebalanced tree in 0.073023 seconds
forming tree connections
3096 amr boundaries
Formed tree in 0.823131 seconds
solving gravity
regrid done in 1.039498 seconds
---------------------------------------
---------------Created Level 5---------------

-----------------------------------------------
checking for refinement
regridding
Regridded tree in 0.001493 seconds
rebalancing 32841 nodes with 28736 leaves
Rebalanced tree in 0.152576 seconds
forming tree connections
10168 amr boundaries
Formed tree in 2.486708 seconds
solving gravity
regrid done in 2.885539 seconds
---------------------------------------
---------------Created Level 6---------------

-----------------------------------------------
checking for refinement
regridding
Regridded tree in 0.008673 seconds
rebalancing 196809 nodes with 172208 leaves
Rebalanced tree in 0.947616 seconds
forming tree connections
32248 amr boundaries
Formed tree in 9.980272 seconds
solving gravity
regrid done in 11.829446 seconds
---------------------------------------
---------------Created Level 7---------------

-----------------------------------------------
checking for refinement
regridding
Regridded tree in 0.048280 seconds
rebalancing 196809 nodes with 172208 leaves
Rebalanced tree in 0.111354 seconds
forming tree connections
32248 amr boundaries
Formed tree in 17.190926 seconds
solving gravity
regrid done in 18.378148 seconds
---------------------------------------
---------------Re-gridded Level 7---------------

solving gravity------------
...done
Start execution the solver...
Starting run...
Solving gravity
-----------------------------------------------
checking for refinement
regridding
Regridded tree in 0.067592 seconds
rebalancing 196809 nodes with 172208 leaves
Rebalanced tree in 0.203531 seconds
forming tree connections
32248 amr boundaries
Formed tree in 17.671903 seconds
solving gravity
regrid done in 19.150039 seconds
---------------------------------------
OMEGA = 0.000000e+00, output_dt = 1.000000e-01
0.000000e+00 1.000000e-01
normal step...
1 4.067290e-04 4.067290e-04 7.044236e+00 4.067290e-04
2 1.225410e-03 8.186814e-04 5.658248e+00 1.225410e-03
3 2.062290e-03 8.368799e-04 5.690961e+00 2.062290e-03
4 2.910838e-03 8.485475e-04 5.673666e+00 2.910838e-03
4 3.775604e-03 8.647664e-04 5.458852e+00 3.775604e-03
TS 4:: t: 3.775604e-03, dt: 8.647664e-04, time_elapsed: 2.962500e+01, rotational_time: 3.775604e-03, x: -1.801758e-01, y: -8.891602e-01, z: -6.298828e-02, a: 1.355135e+00, ur: 3.442003e-10, ul: 1.179268e-10, vr: 3.498552e-01, vl: 3.860679e-01, dim: 0, ngrids: 196809, leafs: 172208, amr_boundaries: 32248
-----------------------------------------------
checking for refinement
regridding
Regridded tree in 0.110384 seconds
rebalancing 196809 nodes with 172208 leaves
Rebalanced tree in 0.227360 seconds
forming tree connections
32248 amr boundaries
Formed tree in 27.738021 seconds
solving gravity
regrid done in 29.345699 seconds
---------------------------------------
normal step...
5 4.661069e-03 8.854645e-04 5.728538e+00 4.661069e-03
TS 5:: t: 4.661069e-03, dt: 8.854645e-04, time_elapsed: 5.763860e+00, rotational_time: 4.661069e-03, x: 7.836914e-01, y: 4.204102e-01, z: 1.098633e-01, a: 1.323458e+00, ur: 1.143328e-10, ul: 2.083988e-10, vr: 3.524043e-01, vl: 2.616835e-01, dim: 1, ngrids: 196809, leafs: 172208, amr_boundaries: 32248
L1, L2
             rho 1.120556e-07 7.035633e-07
            egas 2.129544e-08 1.810728e-07
             tau 5.171653e-08 3.392026e-07
             pot 5.286298e-03 3.962853e-02
              sx 3.124401e-08 1.946581e-07
              sy 3.124401e-08 1.946581e-07
              sz 2.215478e-08 1.630813e-07
              zx 1.461557e-04 8.888682e-04
              zy 1.461557e-04 8.888682e-04
              zz 5.833352e-04 3.077056e-03
           spc_1 1.120556e-07 7.035633e-07
           spc_2 4.108881e-14 8.839420e-13
           spc_3 0.000000e+00 0.000000e+00
           spc_4 0.000000e+00 0.000000e+00
           spc_5 0.000000e+00 0.000000e+00
Finished solver exeuction - Scenario done!
Start timings report...
...:
   Total: 64.7349
   Computation: 35.2545 (54.4598 %)
   Regrid: 48.496 (74.9148 %)
   Computation + Regrid: 83.7505 (129.375 %)
Finished timings report!
Start cleanup...
Unregistering cuda polling...
Unregistering cuda polling...
Unregistering cuda polling...
Unregistering cuda polling...
Unregistering cuda polling...
Unregistering cuda polling...
Unregistering cuda polling...
Unregistering cuda polling...
Unregistering cuda polling...
Unregistering cuda polling...
Unregistering cuda polling...
Unregistering cuda polling...
Unregistering cuda polling...
Unregistering cuda polling...
Unregistering cuda polling...
Unregistering cuda polling...
Unregistering cuda polling...
Unregistering cuda polling...
Unregistering cuda polling...
Unregistering cuda polling...
Unregistering cuda polling...
Unregistering cuda polling...
Unregistering cuda polling...
Unregistering cuda polling...
Unregistering cuda polling...
Unregistering cuda polling...
Unregistering cuda polling...
Unregistering cuda polling...
Unregistering cuda polling...
Unregistering cuda polling...
Unregistering cuda polling...
Unregistering cuda polling...
Localities cleanup finished
Exiting...
