Unloading the cpe module is insufficient to restore the system defaults.
Please run 'source
/opt/cray/pe/cpe/22.11/restore_lmod_system_defaults.[csh|sh]'. 
Wed 15 Feb 2023 01:20:17 PM PST
run rs with parcelport lci; max_level=6
1:35088:/global/homes/j/jackyan/workspace/LC/src/./sys/lciu.h:LCIU_getenv_or:120<info:env> set LCI_MAX_ENDPOINTS to be 8
1:35088:/global/homes/j/jackyan/workspace/LC/src/./sys/lciu.h:LCIU_getenv_or:120<info:env> set LCI_REGISTERED_SEGMENT_SIZE to be 67108864
1:35088:/global/homes/j/jackyan/workspace/LC/src/./sys/lciu.h:LCIU_getenv_or:120<info:env> set LCI_PACKET_RETURN_THRESHOLD to be 1024
1:35088:/global/homes/j/jackyan/workspace/LC/src/./sys/lciu.h:LCIU_getenv_or:120<info:env> set LCI_IBV_USE_ODP to be 0
1:35088:/global/homes/j/jackyan/workspace/LC/src/./sys/lciu.h:LCIU_getenv_or:120<info:env> set LCI_TOUCH_LBUFFER to be 0
1:35088:/global/homes/j/jackyan/workspace/LC/src/./sys/lciu.h:LCIU_getenv_or:120<info:env> set LCI_USE_DREG to be 1
1:35088:/global/homes/j/jackyan/workspace/LC/src/./sys/lciu.h:LCIU_getenv_or:120<info:env> set LCI_IBV_USE_PREFETCH to be 0
1:35088:/global/homes/j/jackyan/workspace/LC/src/./sys/lciu.h:LCIU_getenv_or:120<info:env> set LCI_SERVER_NUM_PKTS to be 65536
0:26851:/global/homes/j/jackyan/workspace/LC/src/./sys/lciu.h:LCIU_getenv_or:120<info:env> set LCI_MAX_ENDPOINTS to be 8
0:26851:/global/homes/j/jackyan/workspace/LC/src/./sys/lciu.h:LCIU_getenv_or:120<info:env> set LCI_REGISTERED_SEGMENT_SIZE to be 67108864
0:26851:/global/homes/j/jackyan/workspace/LC/src/./sys/lciu.h:LCIU_getenv_or:120<info:env> set LCI_PACKET_RETURN_THRESHOLD to be 1024
0:26851:/global/homes/j/jackyan/workspace/LC/src/./sys/lciu.h:LCIU_getenv_or:120<info:env> set LCI_IBV_USE_ODP to be 0
0:26851:/global/homes/j/jackyan/workspace/LC/src/./sys/lciu.h:LCIU_getenv_or:120<info:env> set LCI_TOUCH_LBUFFER to be 0
0:26851:/global/homes/j/jackyan/workspace/LC/src/./sys/lciu.h:LCIU_getenv_or:120<info:env> set LCI_USE_DREG to be 1
0:26851:/global/homes/j/jackyan/workspace/LC/src/./sys/lciu.h:LCIU_getenv_or:120<info:env> set LCI_IBV_USE_PREFETCH to be 0
0:26851:/global/homes/j/jackyan/workspace/LC/src/./sys/lciu.h:LCIU_getenv_or:120<info:env> set LCI_SERVER_NUM_PKTS to be 65536
1:35088:/global/homes/j/jackyan/workspace/LC/src/./sys/lciu.h:LCIU_getenv_or:120<info:env> set LCI_MAX_QUEUE_LENGTH to be 131072
1:35088:/global/homes/j/jackyan/workspace/LC/src/./sys/lciu.h:LCIU_getenv_or:120<info:env> set LCI_MAX_QUEUE_LENGTH to be 131072
1:35088:/global/homes/j/jackyan/workspace/LC/src/./sys/lciu.h:LCIU_getenv_or:120<info:env> set LCI_SERVER_MAX_SENDS to be 256
1:35088:/global/homes/j/jackyan/workspace/LC/src/./sys/lciu.h:LCIU_getenv_or:120<info:env> set LCI_SERVER_MAX_RECVS to be 4096
1:35088:/global/homes/j/jackyan/workspace/LC/src/./sys/lciu.h:LCIU_getenv_or:120<info:env> set LCI_SERVER_MAX_CQES to be 8192
1:35088:/global/homes/j/jackyan/workspace/LC/src/./sys/lciu.h:LCIU_getenv_or:120<info:env> set LCI_IBV_ENABLE_EVENT_POLLING_THREAD to be 0
1:35088:/global/homes/j/jackyan/workspace/LC/src/./sys/lciu.h:LCIU_getenv_or:120<info:env> set LCI_SINGLE_THREAD_PROGRESS to be 1
0:26851:/global/homes/j/jackyan/workspace/LC/src/./sys/lciu.h:LCIU_getenv_or:120<info:env> set LCI_MAX_QUEUE_LENGTH to be 131072
0:26851:/global/homes/j/jackyan/workspace/LC/src/./sys/lciu.h:LCIU_getenv_or:120<info:env> set LCI_MAX_QUEUE_LENGTH to be 131072
0:26851:/global/homes/j/jackyan/workspace/LC/src/./sys/lciu.h:LCIU_getenv_or:120<info:env> set LCI_SERVER_MAX_SENDS to be 256
0:26851:/global/homes/j/jackyan/workspace/LC/src/./sys/lciu.h:LCIU_getenv_or:120<info:env> set LCI_SERVER_MAX_RECVS to be 4096
0:26851:/global/homes/j/jackyan/workspace/LC/src/./sys/lciu.h:LCIU_getenv_or:120<info:env> set LCI_SERVER_MAX_CQES to be 8192
0:26851:/global/homes/j/jackyan/workspace/LC/src/./sys/lciu.h:LCIU_getenv_or:120<info:env> set LCI_IBV_ENABLE_EVENT_POLLING_THREAD to be 0
0:26851:/global/homes/j/jackyan/workspace/LC/src/./sys/lciu.h:LCIU_getenv_or:120<info:env> set LCI_SINGLE_THREAD_PROGRESS to be 1
1:35088:/global/homes/j/jackyan/workspace/LC/src/./sys/lciu.h:LCIU_getenv_or:120<info:env> set LCI_ENABLE_MONITOR_THREAD to be 0
0:26851:/global/homes/j/jackyan/workspace/LC/src/./sys/lciu.h:LCIU_getenv_or:120<info:env> set LCI_ENABLE_MONITOR_THREAD to be 0
1:35088:/global/homes/j/jackyan/workspace/LC/src/backend/server_ofi.c:LCISD_server_init:43<info:ofi> Provider name: cxi
1:35088:/global/homes/j/jackyan/workspace/LC/src/backend/server_ofi.c:LCISD_server_init:45<info:ofi> MR mode hints: [FI_MR_LOCAL, FI_MR_VIRT_ADDR, FI_MR_ALLOCATED, FI_MR_PROV_KEY, FI_MR_ENDPOINT]
1:35088:/global/homes/j/jackyan/workspace/LC/src/backend/server_ofi.c:LCISD_server_init:47<info:ofi> MR mode provided: [FI_MR_ALLOCATED, FI_MR_PROV_KEY, FI_MR_ENDPOINT]
1:35088:/global/homes/j/jackyan/workspace/LC/src/backend/server_ofi.c:LCISD_server_init:49<info:ofi> Thread mode: FI_THREAD_SAFE
1:35088:/global/homes/j/jackyan/workspace/LC/src/backend/server_ofi.c:LCISD_server_init:51<info:ofi> Control progress mode: FI_PROGRESS_MANUAL
1:35088:/global/homes/j/jackyan/workspace/LC/src/backend/server_ofi.c:LCISD_server_init:54<info:ofi> Data progress mode: FI_PROGRESS_MANUAL
1:35088:/global/homes/j/jackyan/workspace/LC/src/backend/server_ofi.c:LCISD_server_init:57<info:ofi> Capacities: FI_MSG, FI_RMA, FI_READ, FI_WRITE, FI_RECV, FI_SEND, FI_REMOTE_READ, FI_REMOTE_WRITE, FI_MULTI_RECV, FI_TRIGGER, FI_SHARED_AV
1:35088:/global/homes/j/jackyan/workspace/LC/src/backend/server_ofi.c:LCISD_server_init:59<info:ofi> Mode: 
1:35088:/global/homes/j/jackyan/workspace/LC/src/backend/server_ofi.c:LCISD_endpoint_init:138<info:ofi> addrlen = 4
0:26851:/global/homes/j/jackyan/workspace/LC/src/backend/server_ofi.c:LCISD_server_init:43<info:ofi> Provider name: cxi
0:26851:/global/homes/j/jackyan/workspace/LC/src/backend/server_ofi.c:LCISD_server_init:45<info:ofi> MR mode hints: [FI_MR_LOCAL, FI_MR_VIRT_ADDR, FI_MR_ALLOCATED, FI_MR_PROV_KEY, FI_MR_ENDPOINT]
0:26851:/global/homes/j/jackyan/workspace/LC/src/backend/server_ofi.c:LCISD_server_init:47<info:ofi> MR mode provided: [FI_MR_ALLOCATED, FI_MR_PROV_KEY, FI_MR_ENDPOINT]
0:26851:/global/homes/j/jackyan/workspace/LC/src/backend/server_ofi.c:LCISD_server_init:49<info:ofi> Thread mode: FI_THREAD_SAFE
0:26851:/global/homes/j/jackyan/workspace/LC/src/backend/server_ofi.c:LCISD_server_init:51<info:ofi> Control progress mode: FI_PROGRESS_MANUAL
0:26851:/global/homes/j/jackyan/workspace/LC/src/backend/server_ofi.c:LCISD_server_init:54<info:ofi> Data progress mode: FI_PROGRESS_MANUAL
0:26851:/global/homes/j/jackyan/workspace/LC/src/backend/server_ofi.c:LCISD_server_init:57<info:ofi> Capacities: FI_MSG, FI_RMA, FI_READ, FI_WRITE, FI_RECV, FI_SEND, FI_REMOTE_READ, FI_REMOTE_WRITE, FI_MULTI_RECV, FI_TRIGGER, FI_SHARED_AV
0:26851:/global/homes/j/jackyan/workspace/LC/src/backend/server_ofi.c:LCISD_server_init:59<info:ofi> Mode: 
0:26851:/global/homes/j/jackyan/workspace/LC/src/backend/server_ofi.c:LCISD_endpoint_init:138<info:ofi> addrlen = 4
0:26851:/global/homes/j/jackyan/workspace/LC/src/backend/server_ofi.c:LCISD_endpoint_init:138<info:ofi> addrlen = 4
1:35088:/global/homes/j/jackyan/workspace/LC/src/backend/server_ofi.c:LCISD_endpoint_init:138<info:ofi> addrlen = 4
0:26851:/global/homes/j/jackyan/workspace/LC/src/runtime/rcache/lcii_rcache.c:LCII_rcache_init:74<Assert failed: ret == UCS_OK> Unexpected return value -22
1:35088:/global/homes/j/jackyan/workspace/LC/src/runtime/rcache/lcii_rcache.c:LCII_rcache_init:74<Assert failed: ret == UCS_OK> Unexpected return value -22
srun: error: nid002093: task 1: Exited with exit code 255
srun: launch/slurm: _step_signal: Terminating StepId=5518040.0
srun: error: nid002092: task 0: Exited with exit code 255
