Unloading the cpe module is insufficient to restore the system defaults.
Please run 'source
/opt/cray/pe/cpe/22.11/restore_lmod_system_defaults.[csh|sh]'. 
Wed 15 Feb 2023 02:01:27 PM PST
run rs with parcelport mpi; max_level=6




          ___       _      _____ _                 
         / _ \  ___| |_ __|_   _(_) __ _  ___ _ __ 
        | | | |/ __| __/ _ \| | | |/ _` |/ _ \ '__|
        | |_| | (__| || (_) | | | | (_| |  __/ |   
         \___/ \___|\__\___/|_| |_|\__, |\___|_|   
      _                            |___/           
     (_)
              _ __..-;''`-
      O   (`/' ` |  \ \ \ \-.
       o /'`\ \   |  \ | \|  \
        /<7' ;  \ \  | ; ||/ `'.
       /  _.-, `,-\,__| ' ' . `'.
       `-`  f/ ;       \        \             ___.--,
           `~-'_.._     |  -~    |     _.---'`__.-( (_.
        __.--'`_.. '.__.\    '--. \_.-' ,.--'`     `""`
       ( ,.--'`   ',__ /./;   ;, '.__.'`    __
       _`) )  .---.__.' / |   |\   \__..--""  """--.,_
      `---' .'.''-._.-'`_./  /\ '.  \ _.-~~~````~~~-._`-.__.'
            | |  .' _.-' |  |  \  \  '.               `~---`
             \ \/ .'     \  \   '. '-._)
              \/ /        \  \    `=.__`~-.
              / /\         `) )    / / `"".`\
        , _.-'.'\ \        / /    ( (     / /
         `--~`   ) )    .-'.'      '.'.  | (
                (/`    ( (`          ) )  '-;
                 `      '-;         (-'





    
###########################################################
Compiled for AVX2 SIMD architectures.
###########################################################
Running
Start octotiger
Start processing options
atomic_number=
atomic_mass=
X=
Z=
accretor_refine = 0
amrbnd_order = 1
bench = F
cdisc_detect = T
cfl = 4.000000e-01
clight_retard = 1.000000e+01
config_file = /global/u1/j/jackyan/workspace/octotiger-scripts/data/rotating_star.ini
core_refine = F
correct_am_grav = T
correct_am_hydro = F
code_to_cm = 1.000000e+00
code_to_g = 1.000000e+00
code_to_s = 1.000000e+00
data_dir = ./
disable_output = T
driving_rate = 0.000000e+00
driving_time = 0.000000e+00
dt_max = 3.333330e-01
donor_refine = 0
dual_energy_sw1 = 1.000000e-03
dual_energy_sw2 = 1.000000e-01
eblast0 = 1.000000e+00
eos = IDEAL
entropy_driving_rate = 0.000000e+00
entropy_driving_time = 0.000000e+00
future_wait_time = -1
grad_rho_refine = -1.000000e+00
hard_dt = -1.000000e+00
hydro = T
inflow_bc = F
input_file = rotating_star.bin
min_level = 1
max_level = 6
n_species = 5
ngrids = -1
omega = 0.000000e+00
output_dt = 1.000000e-01
output_filename = 
problem = ROTATING_STAR
rad_implicit = T
radiation = F
refinement_floor = 1.000000e-03
reflect_bc = F
restart_filename = 
rotating_star_amr = F
rotating_star_x = 0.000000e+00
scf_output_frequency = 25
silo_num_groups = 16
stop_step = 5
stop_time = 1.000000e-01
theta = 3.400000e-01
unigrid = F
v1309 = F
idle_rates = F
xscale = 1.500000e+00
cuda_number_gpus = 1
cuda_streams_per_gpu = 128
cuda_buffer_capacity = 1
max_executor_slices = 1
amr_boundary_kernel_type = AMR_OPTIMIZED
root_node_on_device = T
optimize_local_communication = T
multipole_device_kernel_type = CUDA
multipole_host_kernel_type = DEVICE_ONLY
monopole_device_kernel_type = CUDA
monopole_host_kernel_type = DEVICE_ONLY
hydro_device_kernel_type = CUDA
hydro_host_kernel_type = DEVICE_ONLY
Normalized constants 222
1.000000e+00 1.000000e+00 3.871264e+03 1.000000e+00
A = 1.000000e+00 | B = 1.000000e+00 | G = 1.000000e+00 | kb = 2.069149e-09 | c = 1.160576e+14 | mh = 1.673300e-24 | sigma = 3.289883e+06 | h = 2.565129e-23
Finished processing options
SCF option file "scf.init" not found - using defaults
Initialize executors and masks...
Registering HPX CUDA polling...
Registered HPX CUDA polling...
CUDA is enabled!
CUDA with polling futures enabled!
Initialize executors and masks...
Registering HPX CUDA polling...
Initialize executors and masks...
Initialize executors and masks...
Registered HPX CUDA polling...
Registering HPX CUDA polling...
CUDA is enabled!
CUDA with polling futures enabled!
Initialize executors and masks...
Registering HPX CUDA polling...
Registered HPX CUDA polling...
CUDA is enabled!
CUDA with polling futures enabled!
Registering HPX CUDA polling...
Registered HPX CUDA polling...
CUDA is enabled!
CUDA with polling futures enabled!
Registered HPX CUDA polling...
Initialize executors and masks...
Initialize executors and masks...
CUDA is enabled!
CUDA with polling futures enabled!
Registering HPX CUDA polling...
Registering HPX CUDA polling...
Initialize executors and masks...
CUDA is enabled!
CUDA with polling futures enabled!
Registered HPX CUDA polling...
Registered HPX CUDA polling...
Initialize executors and masks...
Registering HPX CUDA polling...
CUDA is enabled!
CUDA with polling futures enabled!
Registered HPX CUDA polling...
Registering HPX CUDA polling...
CUDA is enabled!
CUDA with polling futures enabled!
Registered HPX CUDA polling...
Initialize executors and masks...
CUDA is enabled!
CUDA with polling futures enabled!
Initialize executors and masks...
Initialize executors and masks...
Registering HPX CUDA polling...
Initialize executors and masks...
Registering HPX CUDA polling...
Initialize executors and masks...
Registering HPX CUDA polling...
Registering HPX CUDA polling...
Registered HPX CUDA polling...
CUDA is enabled!
Registered HPX CUDA polling...
Registering HPX CUDA polling...
Registered HPX CUDA polling...
CUDA is enabled!
Registered HPX CUDA polling...
Initialize executors and masks...
Registered HPX CUDA polling...
CUDA with polling futures enabled!
CUDA with polling futures enabled!
Registering HPX CUDA polling...
CUDA is enabled!
CUDA with polling futures enabled!
CUDA is enabled!
CUDA with polling futures enabled!
CUDA is enabled!
CUDA with polling futures enabled!
Initialize executors and masks...
Registered HPX CUDA polling...
CUDA is enabled!
CUDA with polling futures enabled!
Registering HPX CUDA polling...
Registered HPX CUDA polling...
CUDA is enabled!
CUDA with polling futures enabled!
Stencils initialized!
Finished executor init and read options
Initialize problem...
Stencils initialized!
Finished executor init and read options
Initialize problem...
Compiled with max nf -DOCTOTIGER_WITH_MAX_NUMBER_FIELDS=15
Problem initialized!
Finished initializing options
Starting to compute ilist...
Stencils initialized!
Finished executor init and read options
Initialize problem...
Compiled with max nf -DOCTOTIGER_WITH_MAX_NUMBER_FIELDS=15
Stencils initialized!
Problem initialized!
Finished initializing options
Starting to compute ilist...
Finished executor init and read options
Initialize problem...
Stencils initialized!
Finished executor init and read options
Initialize problem...
Stencils initialized!
Finished executor init and read options
Compiled with max nf -DOCTOTIGER_WITH_MAX_NUMBER_FIELDS=15
Initialize problem...
Stencils initialized!
Problem initialized!
Finished initializing options
Finished executor init and read options
Starting to compute ilist...
Initialize problem...
Compiled with max nf -DOCTOTIGER_WITH_MAX_NUMBER_FIELDS=15
Problem initialized!
Finished initializing options
Starting to compute ilist...
Compiled with max nf -DOCTOTIGER_WITH_MAX_NUMBER_FIELDS=15
Compiled with max nf -DOCTOTIGER_WITH_MAX_NUMBER_FIELDS=15
Problem initialized!
Problem initialized!
Finished initializing options
Finished initializing options
Starting to compute ilist...
Starting to compute ilist...
Stencils initialized!
Finished executor init and read options
Initialize problem...
Compiled with max nf -DOCTOTIGER_WITH_MAX_NUMBER_FIELDS=15
Stencils initialized!
Finished executor init and read options
Problem initialized!
Finished initializing options
Initialize problem...
Starting to compute ilist...
Stencils initialized!
Finished executor init and read options
Initialize problem...
Compiled with max nf -DOCTOTIGER_WITH_MAX_NUMBER_FIELDS=15
Problem initialized!
Compiled with max nf -DOCTOTIGER_WITH_MAX_NUMBER_FIELDS=15
Finished initializing options
Starting to compute ilist...
Problem initialized!
Finished initializing options
Starting to compute ilist...
Stencils initialized!
Finished executor init and read options
Initialize problem...
Compiled with max nf -DOCTOTIGER_WITH_MAX_NUMBER_FIELDS=15
Problem initialized!
Finished initializing options
Starting to compute ilist...
Compiled with max nf -DOCTOTIGER_WITH_MAX_NUMBER_FIELDS=15
Problem initialized!
Finished initializing options
Starting to compute ilist...
Stencils initialized!
Finished executor init and read options
Initialize problem...
Compiled with max nf -DOCTOTIGER_WITH_MAX_NUMBER_FIELDS=15
Problem initialized!
Finished initializing options
Starting to compute ilist...
Stencils initialized!
Finished executor init and read options
Initialize problem...
Stencils initialized!
Finished executor init and read options
Initialize problem...
Compiled with max nf -DOCTOTIGER_WITH_MAX_NUMBER_FIELDS=15
Problem initialized!
Finished initializing options
Starting to compute ilist...
Compiled with max nf -DOCTOTIGER_WITH_MAX_NUMBER_FIELDS=15
Problem initialized!
Finished initializing options
Starting to compute ilist...
Stencils initialized!
Finished executor init and read options
Initialize problem...
Compiled with max nf -DOCTOTIGER_WITH_MAX_NUMBER_FIELDS=15
Problem initialized!
Finished initializing options
Starting to compute ilist...
Stencils initialized!
Finished executor init and read options
Initialize problem...
Compiled with max nf -DOCTOTIGER_WITH_MAX_NUMBER_FIELDS=15
Problem initialized!
Finished initializing options
Starting to compute ilist...
ilist initialized!
Finished computing factors
Finished static_init
Normalized constants 222
1.000000e+00 1.000000e+00 3.871264e+03 1.000000e+00
A = 1.000000e+00 | B = 1.000000e+00 | G = 1.000000e+00 | kb = 2.069149e-09 | c = 1.160576e+14 | mh = 1.673300e-24 | sigma = 3.289883e+06 | h = 2.565129e-23
Finished normalizing
Finished initialization
ilist initialized!
ilist initialized!
ilist initialized!
Finished computing factors
Finished computing factors
Finished static_init
ilist initialized!
Finished normalizing
Finished initialization
Finished computing factors
Finished static_init
Finished normalizing
Finished initialization
ilist initialized!
ilist initialized!
Finished computing factors
Finished static_init
ilist initialized!
Finished normalizing
Finished initialization
ilist initialized!
ilist initialized!
Finished computing factors
Finished computing factors
Finished computing factors
ilist initialized!
Finished computing factors
Finished computing factors
Finished static_init
Finished normalizing
Finished initialization
Finished static_init
Finished normalizing
Finished initialization
ilist initialized!
Finished computing factors
Finished static_init
Finished normalizing
Finished initialization
Finished computing factors
Finished static_init
Finished normalizing
Finished static_init
Finished initialization
Finished normalizing
Finished initialization
Finished static_init
Finished normalizing
Finished static_init
Finished initialization
Finished normalizing
Finished initialization
ilist initialized!
Finished computing factors
Finished static_init
Finished normalizing
Finished initialization
ilist initialized!
Finished computing factors
Finished static_init
Finished normalizing
Finished initialization
ilist initialized!
Finished computing factors
ilist initialized!
Finished computing factors
Finished static_init
Finished normalizing
Finished initialization
Finished static_init
Finished normalizing
Finished initialization
Finished static_init
Finished normalizing
Finished initialization
Finished init
Initializing cell_geometry 3 8 14
Reading rotating_star.bin
Done reading rotating_star.bin
Omega = 5.155548e-01
Found root
Starting refinement
-----------------------------------------------
checking for refinement
regridding
Regridded tree in 0.000002 seconds
rebalancing 9 nodes with 8 leaves
Initializing cell_geometry 3 8 14
Initializing cell_geometry 3 8 14
Initializing cell_geometry 3 8 14
Initializing cell_geometry 3 8 14
Initializing cell_geometry 3 8 14
Initializing cell_geometry 3 8 14
Initializing cell_geometry 3 8 14
Initializing cell_geometry 3 8 14
Reading rotating_star.bin
Done reading rotating_star.bin
Omega = 5.155548e-01
Reading rotating_star.bin
Done reading rotating_star.bin
Omega = 5.155548e-01
Reading rotating_star.bin
Done reading rotating_star.bin
Omega = 5.155548e-01
Reading rotating_star.bin
Done reading rotating_star.bin
Omega = 5.155548e-01
Reading rotating_star.bin
Done reading rotating_star.bin
Omega = 5.155548e-01
Reading rotating_star.bin
Done reading rotating_star.bin
Omega = 5.155548e-01
Reading rotating_star.bin
Done reading rotating_star.bin
Omega = 5.155548e-01
Reading rotating_star.bin
Done reading rotating_star.bin
Omega = 5.155548e-01
Rebalanced tree in 0.190269 seconds
forming tree connections
24 amr boundaries
Formed tree in 0.008742 seconds
solving gravity
regrid done in 0.206757 seconds
---------------------------------------
---------------Created Level 1---------------

-----------------------------------------------
checking for refinement
regridding
Regridded tree in 0.000536 seconds
rebalancing 73 nodes with 64 leaves
Initializing cell_geometry 3 8 14
Initializing cell_geometry 3 8 14
Initializing cell_geometry 3 8 14
Initializing cell_geometry 3 8 14
Initializing cell_geometry 3 8 14
Initializing cell_geometry 3 8 14
Reading rotating_star.bin
Done reading rotating_star.bin
Omega = 5.155548e-01
Reading rotating_star.bin
Done reading rotating_star.bin
Omega = 5.155548e-01
Reading rotating_star.bin
Done reading rotating_star.bin
Omega = 5.155548e-01
Reading rotating_star.bin
Done reading rotating_star.bin
Omega = 5.155548e-01
Reading rotating_star.bin
Done reading rotating_star.bin
Omega = 5.155548e-01
Reading rotating_star.bin
Done reading rotating_star.bin
Omega = 5.155548e-01
Initializing cell_geometry 3 8 14
Reading rotating_star.bin
Done reading rotating_star.bin
Omega = 5.155548e-01
Rebalanced tree in 0.117057 seconds
forming tree connections
120 amr boundaries
Formed tree in 0.032936 seconds
solving gravity
regrid done in 2.180635 seconds
---------------------------------------
---------------Created Level 2---------------

-----------------------------------------------
checking for refinement
regridding
Regridded tree in 0.000735 seconds
rebalancing 265 nodes with 232 leaves
Rebalanced tree in 0.009961 seconds
forming tree connections
344 amr boundaries
Formed tree in 0.081679 seconds
solving gravity
regrid done in 0.124451 seconds
---------------------------------------
---------------Created Level 3---------------

-----------------------------------------------
checking for refinement
regridding
Regridded tree in 0.000724 seconds
rebalancing 1353 nodes with 1184 leaves
Rebalanced tree in 0.019580 seconds
forming tree connections
1080 amr boundaries
Formed tree in 0.265864 seconds
solving gravity
regrid done in 0.360737 seconds
---------------------------------------
---------------Created Level 4---------------

-----------------------------------------------
checking for refinement
regridding
Regridded tree in 0.002660 seconds
rebalancing 5897 nodes with 5160 leaves
Rebalanced tree in 0.070570 seconds
forming tree connections
3096 amr boundaries
Formed tree in 0.826646 seconds
solving gravity
regrid done in 1.036898 seconds
---------------------------------------
---------------Created Level 5---------------

-----------------------------------------------
checking for refinement
regridding
Regridded tree in 0.002327 seconds
rebalancing 31817 nodes with 27840 leaves
Rebalanced tree in 0.233643 seconds
forming tree connections
9848 amr boundaries
Formed tree in 2.605665 seconds
solving gravity
regrid done in 3.155228 seconds
---------------------------------------
---------------Created Level 6---------------

-----------------------------------------------
checking for refinement
regridding
Regridded tree in 0.014994 seconds
rebalancing 31817 nodes with 27840 leaves
Rebalanced tree in 0.018998 seconds
forming tree connections
9848 amr boundaries
Formed tree in 2.642627 seconds
solving gravity
regrid done in 3.034836 seconds
---------------------------------------
---------------Re-gridded Level 6---------------

solving gravity------------
...done
Start execution the solver...
Starting run...
Solving gravity
-----------------------------------------------
checking for refinement
regridding
Regridded tree in 0.014937 seconds
rebalancing 31817 nodes with 27840 leaves
Rebalanced tree in 0.029040 seconds
forming tree connections
9848 amr boundaries
Formed tree in 2.676402 seconds
solving gravity
regrid done in 3.084960 seconds
---------------------------------------
OMEGA = 0.000000e+00, output_dt = 1.000000e-01
0.000000e+00 1.000000e-01
normal step...
1 8.162554e-04 8.162554e-04 2.299988e+00 8.162554e-04
2 2.465312e-03 1.649056e-03 1.883123e+00 2.465312e-03
3 4.124444e-03 1.659133e-03 1.847998e+00 4.124444e-03
4 5.917827e-03 1.793383e-03 1.942136e+00 5.917827e-03
4 7.693548e-03 1.775721e-03 1.806741e+00 7.693548e-03
-----------------------------------------------
TS 4:: t: 7.693548e-03, dt: 1.775721e-03, time_elapsed: 9.800141e+00, rotational_time: 7.693548e-03, x: -7.939453e-01, y: 4.716797e-01, z: -4.980469e-02, a: 1.319887e+00, ur: 1.497211e-10, ul: 1.213421e-10, vr: 1.601830e-01, vl: 3.444650e-01, dim: 1, ngrids: 31817, leafs: 27840, amr_boundaries: 9848
checking for refinement
regridding
Regridded tree in 0.014982 seconds
rebalancing 31817 nodes with 27840 leaves
Rebalanced tree in 0.031618 seconds
forming tree connections
9848 amr boundaries
Formed tree in 2.816780 seconds
solving gravity
regrid done in 3.268353 seconds
---------------------------------------
normal step...
6 9.516996e-03 1.823448e-03 1.922913e+00 9.516996e-03
TS 5:: t: 9.516996e-03, dt: 1.823448e-03, time_elapsed: 1.939897e+00, rotational_time: 9.516996e-03, x: -4.658203e-01, y: -7.939453e-01, z: -4.980469e-02, a: 1.285340e+00, ur: 1.432852e-10, ul: 1.885838e-10, vr: 3.800034e-01, vl: 2.199759e-01, dim: 0, ngrids: 31817, leafs: 27840, amr_boundaries: 9848
L1, L2
             rho 4.436939e-07 2.812505e-06
            egas 8.429092e-08 7.305101e-07
             tau 1.972875e-07 1.249600e-06
             pot 5.286035e-03 3.962596e-02
              sx 9.042949e-08 5.726110e-07
              sy 9.042950e-08 5.726110e-07
              sz 4.802687e-08 4.104289e-07
              zx 1.461544e-04 8.888269e-04
              zy 1.461544e-04 8.888269e-04
              zz 5.833353e-04 3.077057e-03
           spc_1 4.436940e-07 2.812505e-06
           spc_2 7.219703e-14 1.147375e-12
           spc_3 0.000000e+00 0.000000e+00
           spc_4 0.000000e+00 0.000000e+00
           spc_5 0.000000e+00 0.000000e+00
Finished solver exeuction - Scenario done!
Start timings report...
...:
   Total: 15.0087
   Computation: 11.7029 (77.9741 %)
   Regrid: 6.35357 (42.3327 %)
   Computation + Regrid: 18.0564 (120.307 %)
Finished timings report!
Start cleanup...
Unregistering cuda polling...
Unregistering cuda polling...
Unregistering cuda polling...
Unregistering cuda polling...
Unregistering cuda polling...
Unregistering cuda polling...
Unregistering cuda polling...
Unregistering cuda polling...
Unregistering cuda polling...
Unregistering cuda polling...
Unregistering cuda polling...
Unregistering cuda polling...
Unregistering cuda polling...
Unregistering cuda polling...
Unregistering cuda polling...
Unregistering cuda polling...
Localities cleanup finished
Exiting...
