Unloading the cpe module is insufficient to restore the system defaults.
Please run 'source
/opt/cray/pe/cpe/22.11/restore_lmod_system_defaults.[csh|sh]'. 
Wed 15 Feb 2023 01:49:32 PM PST
run rs with parcelport lci; max_level=6
5:47461:/global/homes/j/jackyan/workspace/LC/src/./sys/lciu.h:LCIU_getenv_or:120<info:env> set LCI_MAX_ENDPOINTS to be 8
5:47461:/global/homes/j/jackyan/workspace/LC/src/./sys/lciu.h:LCIU_getenv_or:120<info:env> set LCI_REGISTERED_SEGMENT_SIZE to be 67108864
5:47461:/global/homes/j/jackyan/workspace/LC/src/./sys/lciu.h:LCIU_getenv_or:120<info:env> set LCI_PACKET_RETURN_THRESHOLD to be 1024
5:47461:/global/homes/j/jackyan/workspace/LC/src/./sys/lciu.h:LCIU_getenv_or:120<info:env> set LCI_IBV_USE_ODP to be 0
5:47461:/global/homes/j/jackyan/workspace/LC/src/./sys/lciu.h:LCIU_getenv_or:120<info:env> set LCI_TOUCH_LBUFFER to be 0
5:47461:/global/homes/j/jackyan/workspace/LC/src/./sys/lciu.h:LCIU_getenv_or:120<info:env> set LCI_USE_DREG to be 1
5:47461:/global/homes/j/jackyan/workspace/LC/src/./sys/lciu.h:LCIU_getenv_or:120<info:env> set LCI_IBV_USE_PREFETCH to be 0
5:47461:/global/homes/j/jackyan/workspace/LC/src/./sys/lciu.h:LCIU_getenv_or:120<info:env> set LCI_SERVER_NUM_PKTS to be 65536
6:44741:/global/homes/j/jackyan/workspace/LC/src/./sys/lciu.h:LCIU_getenv_or:120<info:env> set LCI_MAX_ENDPOINTS to be 8
6:44741:/global/homes/j/jackyan/workspace/LC/src/./sys/lciu.h:LCIU_getenv_or:120<info:env> set LCI_REGISTERED_SEGMENT_SIZE to be 67108864
6:44741:/global/homes/j/jackyan/workspace/LC/src/./sys/lciu.h:LCIU_getenv_or:120<info:env> set LCI_PACKET_RETURN_THRESHOLD to be 1024
6:44741:/global/homes/j/jackyan/workspace/LC/src/./sys/lciu.h:LCIU_getenv_or:120<info:env> set LCI_IBV_USE_ODP to be 0
6:44741:/global/homes/j/jackyan/workspace/LC/src/./sys/lciu.h:LCIU_getenv_or:120<info:env> set LCI_TOUCH_LBUFFER to be 0
6:44741:/global/homes/j/jackyan/workspace/LC/src/./sys/lciu.h:LCIU_getenv_or:120<info:env> set LCI_USE_DREG to be 1
6:44741:/global/homes/j/jackyan/workspace/LC/src/./sys/lciu.h:LCIU_getenv_or:120<info:env> set LCI_IBV_USE_PREFETCH to be 0
6:44741:/global/homes/j/jackyan/workspace/LC/src/./sys/lciu.h:LCIU_getenv_or:120<info:env> set LCI_SERVER_NUM_PKTS to be 65536
6:44741:/global/homes/j/jackyan/workspace/LC/src/./sys/lciu.h:LCIU_getenv_or:120<info:env> set LCI_MAX_QUEUE_LENGTH to be 131072
6:44741:/global/homes/j/jackyan/workspace/LC/src/./sys/lciu.h:LCIU_getenv_or:120<info:env> set LCI_MAX_QUEUE_LENGTH to be 131072
6:44741:/global/homes/j/jackyan/workspace/LC/src/./sys/lciu.h:LCIU_getenv_or:120<info:env> set LCI_SERVER_MAX_SENDS to be 256
6:44741:/global/homes/j/jackyan/workspace/LC/src/./sys/lciu.h:LCIU_getenv_or:120<info:env> set LCI_SERVER_MAX_RECVS to be 4096
6:44741:/global/homes/j/jackyan/workspace/LC/src/./sys/lciu.h:LCIU_getenv_or:120<info:env> set LCI_SERVER_MAX_CQES to be 8192
6:44741:/global/homes/j/jackyan/workspace/LC/src/./sys/lciu.h:LCIU_getenv_or:120<info:env> set LCI_IBV_ENABLE_EVENT_POLLING_THREAD to be 0
6:44741:/global/homes/j/jackyan/workspace/LC/src/./sys/lciu.h:LCIU_getenv_or:120<info:env> set LCI_SINGLE_THREAD_PROGRESS to be 1
7:63721:/global/homes/j/jackyan/workspace/LC/src/./sys/lciu.h:LCIU_getenv_or:120<info:env> set LCI_MAX_ENDPOINTS to be 8
7:63721:/global/homes/j/jackyan/workspace/LC/src/./sys/lciu.h:LCIU_getenv_or:120<info:env> set LCI_REGISTERED_SEGMENT_SIZE to be 67108864
7:63721:/global/homes/j/jackyan/workspace/LC/src/./sys/lciu.h:LCIU_getenv_or:120<info:env> set LCI_PACKET_RETURN_THRESHOLD to be 1024
7:63721:/global/homes/j/jackyan/workspace/LC/src/./sys/lciu.h:LCIU_getenv_or:120<info:env> set LCI_IBV_USE_ODP to be 0
7:63721:/global/homes/j/jackyan/workspace/LC/src/./sys/lciu.h:LCIU_getenv_or:120<info:env> set LCI_TOUCH_LBUFFER to be 0
7:63721:/global/homes/j/jackyan/workspace/LC/src/./sys/lciu.h:LCIU_getenv_or:120<info:env> set LCI_USE_DREG to be 1
7:63721:/global/homes/j/jackyan/workspace/LC/src/./sys/lciu.h:LCIU_getenv_or:120<info:env> set LCI_IBV_USE_PREFETCH to be 0
7:63721:/global/homes/j/jackyan/workspace/LC/src/./sys/lciu.h:LCIU_getenv_or:120<info:env> set LCI_SERVER_NUM_PKTS to be 65536
5:47461:/global/homes/j/jackyan/workspace/LC/src/./sys/lciu.h:LCIU_getenv_or:120<info:env> set LCI_MAX_QUEUE_LENGTH to be 131072
6:44741:/global/homes/j/jackyan/workspace/LC/src/./sys/lciu.h:LCIU_getenv_or:120<info:env> set LCI_ENABLE_MONITOR_THREAD to be 0
7:63721:/global/homes/j/jackyan/workspace/LC/src/./sys/lciu.h:LCIU_getenv_or:120<info:env> set LCI_MAX_QUEUE_LENGTH to be 131072
7:63721:/global/homes/j/jackyan/workspace/LC/src/./sys/lciu.h:LCIU_getenv_or:120<info:env> set LCI_MAX_QUEUE_LENGTH to be 131072
5:47461:/global/homes/j/jackyan/workspace/LC/src/./sys/lciu.h:LCIU_getenv_or:120<info:env> set LCI_MAX_QUEUE_LENGTH to be 131072
5:47461:/global/homes/j/jackyan/workspace/LC/src/./sys/lciu.h:LCIU_getenv_or:120<info:env> set LCI_SERVER_MAX_SENDS to be 256
5:47461:/global/homes/j/jackyan/workspace/LC/src/./sys/lciu.h:LCIU_getenv_or:120<info:env> set LCI_SERVER_MAX_RECVS to be 4096
5:47461:/global/homes/j/jackyan/workspace/LC/src/./sys/lciu.h:LCIU_getenv_or:120<info:env> set LCI_SERVER_MAX_CQES to be 8192
5:47461:/global/homes/j/jackyan/workspace/LC/src/./sys/lciu.h:LCIU_getenv_or:120<info:env> set LCI_IBV_ENABLE_EVENT_POLLING_THREAD to be 0
5:47461:/global/homes/j/jackyan/workspace/LC/src/./sys/lciu.h:LCIU_getenv_or:120<info:env> set LCI_SINGLE_THREAD_PROGRESS to be 1
7:63721:/global/homes/j/jackyan/workspace/LC/src/./sys/lciu.h:LCIU_getenv_or:120<info:env> set LCI_SERVER_MAX_SENDS to be 256
7:63721:/global/homes/j/jackyan/workspace/LC/src/./sys/lciu.h:LCIU_getenv_or:120<info:env> set LCI_SERVER_MAX_RECVS to be 4096
7:63721:/global/homes/j/jackyan/workspace/LC/src/./sys/lciu.h:LCIU_getenv_or:120<info:env> set LCI_SERVER_MAX_CQES to be 8192
7:63721:/global/homes/j/jackyan/workspace/LC/src/./sys/lciu.h:LCIU_getenv_or:120<info:env> set LCI_IBV_ENABLE_EVENT_POLLING_THREAD to be 0
7:63721:/global/homes/j/jackyan/workspace/LC/src/./sys/lciu.h:LCIU_getenv_or:120<info:env> set LCI_SINGLE_THREAD_PROGRESS to be 1
5:47461:/global/homes/j/jackyan/workspace/LC/src/./sys/lciu.h:LCIU_getenv_or:120<info:env> set LCI_ENABLE_MONITOR_THREAD to be 0
7:63721:/global/homes/j/jackyan/workspace/LC/src/./sys/lciu.h:LCIU_getenv_or:120<info:env> set LCI_ENABLE_MONITOR_THREAD to be 0
2:109240:/global/homes/j/jackyan/workspace/LC/src/./sys/lciu.h:LCIU_getenv_or:120<info:env> set LCI_MAX_ENDPOINTS to be 8
2:109240:/global/homes/j/jackyan/workspace/LC/src/./sys/lciu.h:LCIU_getenv_or:120<info:env> set LCI_REGISTERED_SEGMENT_SIZE to be 67108864
2:109240:/global/homes/j/jackyan/workspace/LC/src/./sys/lciu.h:LCIU_getenv_or:120<info:env> set LCI_PACKET_RETURN_THRESHOLD to be 1024
2:109240:/global/homes/j/jackyan/workspace/LC/src/./sys/lciu.h:LCIU_getenv_or:120<info:env> set LCI_IBV_USE_ODP to be 0
2:109240:/global/homes/j/jackyan/workspace/LC/src/./sys/lciu.h:LCIU_getenv_or:120<info:env> set LCI_TOUCH_LBUFFER to be 0
2:109240:/global/homes/j/jackyan/workspace/LC/src/./sys/lciu.h:LCIU_getenv_or:120<info:env> set LCI_USE_DREG to be 1
2:109240:/global/homes/j/jackyan/workspace/LC/src/./sys/lciu.h:LCIU_getenv_or:120<info:env> set LCI_IBV_USE_PREFETCH to be 0
2:109240:/global/homes/j/jackyan/workspace/LC/src/./sys/lciu.h:LCIU_getenv_or:120<info:env> set LCI_SERVER_NUM_PKTS to be 65536
2:109240:/global/homes/j/jackyan/workspace/LC/src/./sys/lciu.h:LCIU_getenv_or:120<info:env> set LCI_MAX_QUEUE_LENGTH to be 131072
2:109240:/global/homes/j/jackyan/workspace/LC/src/./sys/lciu.h:LCIU_getenv_or:120<info:env> set LCI_MAX_QUEUE_LENGTH to be 131072
2:109240:/global/homes/j/jackyan/workspace/LC/src/./sys/lciu.h:LCIU_getenv_or:120<info:env> set LCI_SERVER_MAX_SENDS to be 256
2:109240:/global/homes/j/jackyan/workspace/LC/src/./sys/lciu.h:LCIU_getenv_or:120<info:env> set LCI_SERVER_MAX_RECVS to be 4096
2:109240:/global/homes/j/jackyan/workspace/LC/src/./sys/lciu.h:LCIU_getenv_or:120<info:env> set LCI_SERVER_MAX_CQES to be 8192
2:109240:/global/homes/j/jackyan/workspace/LC/src/./sys/lciu.h:LCIU_getenv_or:120<info:env> set LCI_IBV_ENABLE_EVENT_POLLING_THREAD to be 0
2:109240:/global/homes/j/jackyan/workspace/LC/src/./sys/lciu.h:LCIU_getenv_or:120<info:env> set LCI_SINGLE_THREAD_PROGRESS to be 1
2:109240:/global/homes/j/jackyan/workspace/LC/src/./sys/lciu.h:LCIU_getenv_or:120<info:env> set LCI_ENABLE_MONITOR_THREAD to be 0
4:90240:/global/homes/j/jackyan/workspace/LC/src/./sys/lciu.h:LCIU_getenv_or:120<info:env> set LCI_MAX_ENDPOINTS to be 8
4:90240:/global/homes/j/jackyan/workspace/LC/src/./sys/lciu.h:LCIU_getenv_or:120<info:env> set LCI_REGISTERED_SEGMENT_SIZE to be 67108864
4:90240:/global/homes/j/jackyan/workspace/LC/src/./sys/lciu.h:LCIU_getenv_or:120<info:env> set LCI_PACKET_RETURN_THRESHOLD to be 1024
4:90240:/global/homes/j/jackyan/workspace/LC/src/./sys/lciu.h:LCIU_getenv_or:120<info:env> set LCI_IBV_USE_ODP to be 0
4:90240:/global/homes/j/jackyan/workspace/LC/src/./sys/lciu.h:LCIU_getenv_or:120<info:env> set LCI_TOUCH_LBUFFER to be 0
4:90240:/global/homes/j/jackyan/workspace/LC/src/./sys/lciu.h:LCIU_getenv_or:120<info:env> set LCI_USE_DREG to be 1
4:90240:/global/homes/j/jackyan/workspace/LC/src/./sys/lciu.h:LCIU_getenv_or:120<info:env> set LCI_IBV_USE_PREFETCH to be 0
4:90240:/global/homes/j/jackyan/workspace/LC/src/./sys/lciu.h:LCIU_getenv_or:120<info:env> set LCI_SERVER_NUM_PKTS to be 65536
4:90240:/global/homes/j/jackyan/workspace/LC/src/./sys/lciu.h:LCIU_getenv_or:120<info:env> set LCI_MAX_QUEUE_LENGTH to be 131072
4:90240:/global/homes/j/jackyan/workspace/LC/src/./sys/lciu.h:LCIU_getenv_or:120<info:env> set LCI_MAX_QUEUE_LENGTH to be 131072
4:90240:/global/homes/j/jackyan/workspace/LC/src/./sys/lciu.h:LCIU_getenv_or:120<info:env> set LCI_SERVER_MAX_SENDS to be 256
4:90240:/global/homes/j/jackyan/workspace/LC/src/./sys/lciu.h:LCIU_getenv_or:120<info:env> set LCI_SERVER_MAX_RECVS to be 4096
4:90240:/global/homes/j/jackyan/workspace/LC/src/./sys/lciu.h:LCIU_getenv_or:120<info:env> set LCI_SERVER_MAX_CQES to be 8192
4:90240:/global/homes/j/jackyan/workspace/LC/src/./sys/lciu.h:LCIU_getenv_or:120<info:env> set LCI_IBV_ENABLE_EVENT_POLLING_THREAD to be 0
4:90240:/global/homes/j/jackyan/workspace/LC/src/./sys/lciu.h:LCIU_getenv_or:120<info:env> set LCI_SINGLE_THREAD_PROGRESS to be 1
4:90240:/global/homes/j/jackyan/workspace/LC/src/./sys/lciu.h:LCIU_getenv_or:120<info:env> set LCI_ENABLE_MONITOR_THREAD to be 0
1:113233:/global/homes/j/jackyan/workspace/LC/src/./sys/lciu.h:LCIU_getenv_or:120<info:env> set LCI_MAX_ENDPOINTS to be 8
1:113233:/global/homes/j/jackyan/workspace/LC/src/./sys/lciu.h:LCIU_getenv_or:120<info:env> set LCI_REGISTERED_SEGMENT_SIZE to be 67108864
1:113233:/global/homes/j/jackyan/workspace/LC/src/./sys/lciu.h:LCIU_getenv_or:120<info:env> set LCI_PACKET_RETURN_THRESHOLD to be 1024
1:113233:/global/homes/j/jackyan/workspace/LC/src/./sys/lciu.h:LCIU_getenv_or:120<info:env> set LCI_IBV_USE_ODP to be 0
1:113233:/global/homes/j/jackyan/workspace/LC/src/./sys/lciu.h:LCIU_getenv_or:120<info:env> set LCI_TOUCH_LBUFFER to be 0
1:113233:/global/homes/j/jackyan/workspace/LC/src/./sys/lciu.h:LCIU_getenv_or:120<info:env> set LCI_USE_DREG to be 1
1:113233:/global/homes/j/jackyan/workspace/LC/src/./sys/lciu.h:LCIU_getenv_or:120<info:env> set LCI_IBV_USE_PREFETCH to be 0
1:113233:/global/homes/j/jackyan/workspace/LC/src/./sys/lciu.h:LCIU_getenv_or:120<info:env> set LCI_SERVER_NUM_PKTS to be 65536
1:113233:/global/homes/j/jackyan/workspace/LC/src/./sys/lciu.h:LCIU_getenv_or:120<info:env> set LCI_MAX_QUEUE_LENGTH to be 131072
1:113233:/global/homes/j/jackyan/workspace/LC/src/./sys/lciu.h:LCIU_getenv_or:120<info:env> set LCI_MAX_QUEUE_LENGTH to be 131072
1:113233:/global/homes/j/jackyan/workspace/LC/src/./sys/lciu.h:LCIU_getenv_or:120<info:env> set LCI_SERVER_MAX_SENDS to be 256
1:113233:/global/homes/j/jackyan/workspace/LC/src/./sys/lciu.h:LCIU_getenv_or:120<info:env> set LCI_SERVER_MAX_RECVS to be 4096
1:113233:/global/homes/j/jackyan/workspace/LC/src/./sys/lciu.h:LCIU_getenv_or:120<info:env> set LCI_SERVER_MAX_CQES to be 8192
1:113233:/global/homes/j/jackyan/workspace/LC/src/./sys/lciu.h:LCIU_getenv_or:120<info:env> set LCI_IBV_ENABLE_EVENT_POLLING_THREAD to be 0
1:113233:/global/homes/j/jackyan/workspace/LC/src/./sys/lciu.h:LCIU_getenv_or:120<info:env> set LCI_SINGLE_THREAD_PROGRESS to be 1
1:113233:/global/homes/j/jackyan/workspace/LC/src/./sys/lciu.h:LCIU_getenv_or:120<info:env> set LCI_ENABLE_MONITOR_THREAD to be 0
0:67902:/global/homes/j/jackyan/workspace/LC/src/./sys/lciu.h:LCIU_getenv_or:120<info:env> set LCI_MAX_ENDPOINTS to be 8
0:67902:/global/homes/j/jackyan/workspace/LC/src/./sys/lciu.h:LCIU_getenv_or:120<info:env> set LCI_REGISTERED_SEGMENT_SIZE to be 67108864
0:67902:/global/homes/j/jackyan/workspace/LC/src/./sys/lciu.h:LCIU_getenv_or:120<info:env> set LCI_PACKET_RETURN_THRESHOLD to be 1024
0:67902:/global/homes/j/jackyan/workspace/LC/src/./sys/lciu.h:LCIU_getenv_or:120<info:env> set LCI_IBV_USE_ODP to be 0
0:67902:/global/homes/j/jackyan/workspace/LC/src/./sys/lciu.h:LCIU_getenv_or:120<info:env> set LCI_TOUCH_LBUFFER to be 0
0:67902:/global/homes/j/jackyan/workspace/LC/src/./sys/lciu.h:LCIU_getenv_or:120<info:env> set LCI_USE_DREG to be 1
0:67902:/global/homes/j/jackyan/workspace/LC/src/./sys/lciu.h:LCIU_getenv_or:120<info:env> set LCI_IBV_USE_PREFETCH to be 0
0:67902:/global/homes/j/jackyan/workspace/LC/src/./sys/lciu.h:LCIU_getenv_or:120<info:env> set LCI_SERVER_NUM_PKTS to be 65536
0:67902:/global/homes/j/jackyan/workspace/LC/src/./sys/lciu.h:LCIU_getenv_or:120<info:env> set LCI_MAX_QUEUE_LENGTH to be 131072
0:67902:/global/homes/j/jackyan/workspace/LC/src/./sys/lciu.h:LCIU_getenv_or:120<info:env> set LCI_MAX_QUEUE_LENGTH to be 131072
0:67902:/global/homes/j/jackyan/workspace/LC/src/./sys/lciu.h:LCIU_getenv_or:120<info:env> set LCI_SERVER_MAX_SENDS to be 256
0:67902:/global/homes/j/jackyan/workspace/LC/src/./sys/lciu.h:LCIU_getenv_or:120<info:env> set LCI_SERVER_MAX_RECVS to be 4096
0:67902:/global/homes/j/jackyan/workspace/LC/src/./sys/lciu.h:LCIU_getenv_or:120<info:env> set LCI_SERVER_MAX_CQES to be 8192
0:67902:/global/homes/j/jackyan/workspace/LC/src/./sys/lciu.h:LCIU_getenv_or:120<info:env> set LCI_IBV_ENABLE_EVENT_POLLING_THREAD to be 0
0:67902:/global/homes/j/jackyan/workspace/LC/src/./sys/lciu.h:LCIU_getenv_or:120<info:env> set LCI_SINGLE_THREAD_PROGRESS to be 1
0:67902:/global/homes/j/jackyan/workspace/LC/src/./sys/lciu.h:LCIU_getenv_or:120<info:env> set LCI_ENABLE_MONITOR_THREAD to be 0
3:2540:/global/homes/j/jackyan/workspace/LC/src/./sys/lciu.h:LCIU_getenv_or:120<info:env> set LCI_MAX_ENDPOINTS to be 8
3:2540:/global/homes/j/jackyan/workspace/LC/src/./sys/lciu.h:LCIU_getenv_or:120<info:env> set LCI_REGISTERED_SEGMENT_SIZE to be 67108864
3:2540:/global/homes/j/jackyan/workspace/LC/src/./sys/lciu.h:LCIU_getenv_or:120<info:env> set LCI_PACKET_RETURN_THRESHOLD to be 1024
3:2540:/global/homes/j/jackyan/workspace/LC/src/./sys/lciu.h:LCIU_getenv_or:120<info:env> set LCI_IBV_USE_ODP to be 0
3:2540:/global/homes/j/jackyan/workspace/LC/src/./sys/lciu.h:LCIU_getenv_or:120<info:env> set LCI_TOUCH_LBUFFER to be 0
3:2540:/global/homes/j/jackyan/workspace/LC/src/./sys/lciu.h:LCIU_getenv_or:120<info:env> set LCI_USE_DREG to be 1
3:2540:/global/homes/j/jackyan/workspace/LC/src/./sys/lciu.h:LCIU_getenv_or:120<info:env> set LCI_IBV_USE_PREFETCH to be 0
3:2540:/global/homes/j/jackyan/workspace/LC/src/./sys/lciu.h:LCIU_getenv_or:120<info:env> set LCI_SERVER_NUM_PKTS to be 65536
3:2540:/global/homes/j/jackyan/workspace/LC/src/./sys/lciu.h:LCIU_getenv_or:120<info:env> set LCI_MAX_QUEUE_LENGTH to be 131072
3:2540:/global/homes/j/jackyan/workspace/LC/src/./sys/lciu.h:LCIU_getenv_or:120<info:env> set LCI_MAX_QUEUE_LENGTH to be 131072
3:2540:/global/homes/j/jackyan/workspace/LC/src/./sys/lciu.h:LCIU_getenv_or:120<info:env> set LCI_SERVER_MAX_SENDS to be 256
3:2540:/global/homes/j/jackyan/workspace/LC/src/./sys/lciu.h:LCIU_getenv_or:120<info:env> set LCI_SERVER_MAX_RECVS to be 4096
3:2540:/global/homes/j/jackyan/workspace/LC/src/./sys/lciu.h:LCIU_getenv_or:120<info:env> set LCI_SERVER_MAX_CQES to be 8192
3:2540:/global/homes/j/jackyan/workspace/LC/src/./sys/lciu.h:LCIU_getenv_or:120<info:env> set LCI_IBV_ENABLE_EVENT_POLLING_THREAD to be 0
3:2540:/global/homes/j/jackyan/workspace/LC/src/./sys/lciu.h:LCIU_getenv_or:120<info:env> set LCI_SINGLE_THREAD_PROGRESS to be 1
3:2540:/global/homes/j/jackyan/workspace/LC/src/./sys/lciu.h:LCIU_getenv_or:120<info:env> set LCI_ENABLE_MONITOR_THREAD to be 0
1:113233:/global/homes/j/jackyan/workspace/LC/src/backend/server_ofi.c:LCISD_server_init:43<info:ofi> Provider name: cxi
1:113233:/global/homes/j/jackyan/workspace/LC/src/backend/server_ofi.c:LCISD_server_init:45<info:ofi> MR mode hints: [FI_MR_LOCAL, FI_MR_VIRT_ADDR, FI_MR_ALLOCATED, FI_MR_PROV_KEY, FI_MR_ENDPOINT]
1:113233:/global/homes/j/jackyan/workspace/LC/src/backend/server_ofi.c:LCISD_server_init:47<info:ofi> MR mode provided: [FI_MR_ALLOCATED, FI_MR_PROV_KEY, FI_MR_ENDPOINT]
1:113233:/global/homes/j/jackyan/workspace/LC/src/backend/server_ofi.c:LCISD_server_init:49<info:ofi> Thread mode: FI_THREAD_SAFE
1:113233:/global/homes/j/jackyan/workspace/LC/src/backend/server_ofi.c:LCISD_server_init:51<info:ofi> Control progress mode: FI_PROGRESS_MANUAL
1:113233:/global/homes/j/jackyan/workspace/LC/src/backend/server_ofi.c:LCISD_server_init:54<info:ofi> Data progress mode: FI_PROGRESS_MANUAL
1:113233:/global/homes/j/jackyan/workspace/LC/src/backend/server_ofi.c:LCISD_server_init:57<info:ofi> Capacities: FI_MSG, FI_RMA, FI_READ, FI_WRITE, FI_RECV, FI_SEND, FI_REMOTE_READ, FI_REMOTE_WRITE, FI_MULTI_RECV, FI_TRIGGER, FI_SHARED_AV
1:113233:/global/homes/j/jackyan/workspace/LC/src/backend/server_ofi.c:LCISD_server_init:59<info:ofi> Mode: 
1:113233:/global/homes/j/jackyan/workspace/LC/src/backend/server_ofi.c:LCISD_endpoint_init:138<info:ofi> addrlen = 4
0:67902:/global/homes/j/jackyan/workspace/LC/src/backend/server_ofi.c:LCISD_server_init:43<info:ofi> Provider name: cxi
0:67902:/global/homes/j/jackyan/workspace/LC/src/backend/server_ofi.c:LCISD_server_init:45<info:ofi> MR mode hints: [FI_MR_LOCAL, FI_MR_VIRT_ADDR, FI_MR_ALLOCATED, FI_MR_PROV_KEY, FI_MR_ENDPOINT]
0:67902:/global/homes/j/jackyan/workspace/LC/src/backend/server_ofi.c:LCISD_server_init:47<info:ofi> MR mode provided: [FI_MR_ALLOCATED, FI_MR_PROV_KEY, FI_MR_ENDPOINT]
0:67902:/global/homes/j/jackyan/workspace/LC/src/backend/server_ofi.c:LCISD_server_init:49<info:ofi> Thread mode: FI_THREAD_SAFE
0:67902:/global/homes/j/jackyan/workspace/LC/src/backend/server_ofi.c:LCISD_server_init:51<info:ofi> Control progress mode: FI_PROGRESS_MANUAL
0:67902:/global/homes/j/jackyan/workspace/LC/src/backend/server_ofi.c:LCISD_server_init:54<info:ofi> Data progress mode: FI_PROGRESS_MANUAL
0:67902:/global/homes/j/jackyan/workspace/LC/src/backend/server_ofi.c:LCISD_server_init:57<info:ofi> Capacities: FI_MSG, FI_RMA, FI_READ, FI_WRITE, FI_RECV, FI_SEND, FI_REMOTE_READ, FI_REMOTE_WRITE, FI_MULTI_RECV, FI_TRIGGER, FI_SHARED_AV
0:67902:/global/homes/j/jackyan/workspace/LC/src/backend/server_ofi.c:LCISD_server_init:59<info:ofi> Mode: 
0:67902:/global/homes/j/jackyan/workspace/LC/src/backend/server_ofi.c:LCISD_endpoint_init:138<info:ofi> addrlen = 4
6:44741:/global/homes/j/jackyan/workspace/LC/src/backend/server_ofi.c:LCISD_server_init:43<info:ofi> Provider name: cxi
6:44741:/global/homes/j/jackyan/workspace/LC/src/backend/server_ofi.c:LCISD_server_init:45<info:ofi> MR mode hints: [FI_MR_LOCAL, FI_MR_VIRT_ADDR, FI_MR_ALLOCATED, FI_MR_PROV_KEY, FI_MR_ENDPOINT]
6:44741:/global/homes/j/jackyan/workspace/LC/src/backend/server_ofi.c:LCISD_server_init:47<info:ofi> MR mode provided: [FI_MR_ALLOCATED, FI_MR_PROV_KEY, FI_MR_ENDPOINT]
6:44741:/global/homes/j/jackyan/workspace/LC/src/backend/server_ofi.c:LCISD_server_init:49<info:ofi> Thread mode: FI_THREAD_SAFE
6:44741:/global/homes/j/jackyan/workspace/LC/src/backend/server_ofi.c:LCISD_server_init:51<info:ofi> Control progress mode: FI_PROGRESS_MANUAL
6:44741:/global/homes/j/jackyan/workspace/LC/src/backend/server_ofi.c:LCISD_server_init:54<info:ofi> Data progress mode: FI_PROGRESS_MANUAL
6:44741:/global/homes/j/jackyan/workspace/LC/src/backend/server_ofi.c:LCISD_server_init:57<info:ofi> Capacities: FI_MSG, FI_RMA, FI_READ, FI_WRITE, FI_RECV, FI_SEND, FI_REMOTE_READ, FI_REMOTE_WRITE, FI_MULTI_RECV, FI_TRIGGER, FI_SHARED_AV
6:44741:/global/homes/j/jackyan/workspace/LC/src/backend/server_ofi.c:LCISD_server_init:59<info:ofi> Mode: 
6:44741:/global/homes/j/jackyan/workspace/LC/src/backend/server_ofi.c:LCISD_endpoint_init:138<info:ofi> addrlen = 4
5:47461:/global/homes/j/jackyan/workspace/LC/src/backend/server_ofi.c:LCISD_server_init:43<info:ofi> Provider name: cxi
5:47461:/global/homes/j/jackyan/workspace/LC/src/backend/server_ofi.c:LCISD_server_init:45<info:ofi> MR mode hints: [FI_MR_LOCAL, FI_MR_VIRT_ADDR, FI_MR_ALLOCATED, FI_MR_PROV_KEY, FI_MR_ENDPOINT]
5:47461:/global/homes/j/jackyan/workspace/LC/src/backend/server_ofi.c:LCISD_server_init:47<info:ofi> MR mode provided: [FI_MR_ALLOCATED, FI_MR_PROV_KEY, FI_MR_ENDPOINT]
5:47461:/global/homes/j/jackyan/workspace/LC/src/backend/server_ofi.c:LCISD_server_init:49<info:ofi> Thread mode: FI_THREAD_SAFE
5:47461:/global/homes/j/jackyan/workspace/LC/src/backend/server_ofi.c:LCISD_server_init:51<info:ofi> Control progress mode: FI_PROGRESS_MANUAL
5:47461:/global/homes/j/jackyan/workspace/LC/src/backend/server_ofi.c:LCISD_server_init:54<info:ofi> Data progress mode: FI_PROGRESS_MANUAL
5:47461:/global/homes/j/jackyan/workspace/LC/src/backend/server_ofi.c:LCISD_server_init:57<info:ofi> Capacities: FI_MSG, FI_RMA, FI_READ, FI_WRITE, FI_RECV, FI_SEND, FI_REMOTE_READ, FI_REMOTE_WRITE, FI_MULTI_RECV, FI_TRIGGER, FI_SHARED_AV
5:47461:/global/homes/j/jackyan/workspace/LC/src/backend/server_ofi.c:LCISD_server_init:59<info:ofi> Mode: 
5:47461:/global/homes/j/jackyan/workspace/LC/src/backend/server_ofi.c:LCISD_endpoint_init:138<info:ofi> addrlen = 4
3:2540:/global/homes/j/jackyan/workspace/LC/src/backend/server_ofi.c:LCISD_server_init:43<info:ofi> Provider name: cxi
3:2540:/global/homes/j/jackyan/workspace/LC/src/backend/server_ofi.c:LCISD_server_init:45<info:ofi> MR mode hints: [FI_MR_LOCAL, FI_MR_VIRT_ADDR, FI_MR_ALLOCATED, FI_MR_PROV_KEY, FI_MR_ENDPOINT]
3:2540:/global/homes/j/jackyan/workspace/LC/src/backend/server_ofi.c:LCISD_server_init:47<info:ofi> MR mode provided: [FI_MR_ALLOCATED, FI_MR_PROV_KEY, FI_MR_ENDPOINT]
3:2540:/global/homes/j/jackyan/workspace/LC/src/backend/server_ofi.c:LCISD_server_init:49<info:ofi> Thread mode: FI_THREAD_SAFE
3:2540:/global/homes/j/jackyan/workspace/LC/src/backend/server_ofi.c:LCISD_server_init:51<info:ofi> Control progress mode: FI_PROGRESS_MANUAL
3:2540:/global/homes/j/jackyan/workspace/LC/src/backend/server_ofi.c:LCISD_server_init:54<info:ofi> Data progress mode: FI_PROGRESS_MANUAL
3:2540:/global/homes/j/jackyan/workspace/LC/src/backend/server_ofi.c:LCISD_server_init:57<info:ofi> Capacities: FI_MSG, FI_RMA, FI_READ, FI_WRITE, FI_RECV, FI_SEND, FI_REMOTE_READ, FI_REMOTE_WRITE, FI_MULTI_RECV, FI_TRIGGER, FI_SHARED_AV
3:2540:/global/homes/j/jackyan/workspace/LC/src/backend/server_ofi.c:LCISD_server_init:59<info:ofi> Mode: 
7:63721:/global/homes/j/jackyan/workspace/LC/src/backend/server_ofi.c:LCISD_server_init:43<info:ofi> Provider name: cxi
7:63721:/global/homes/j/jackyan/workspace/LC/src/backend/server_ofi.c:LCISD_server_init:45<info:ofi> MR mode hints: [FI_MR_LOCAL, FI_MR_VIRT_ADDR, FI_MR_ALLOCATED, FI_MR_PROV_KEY, FI_MR_ENDPOINT]
7:63721:/global/homes/j/jackyan/workspace/LC/src/backend/server_ofi.c:LCISD_server_init:47<info:ofi> MR mode provided: [FI_MR_ALLOCATED, FI_MR_PROV_KEY, FI_MR_ENDPOINT]
7:63721:/global/homes/j/jackyan/workspace/LC/src/backend/server_ofi.c:LCISD_server_init:49<info:ofi> Thread mode: FI_THREAD_SAFE
7:63721:/global/homes/j/jackyan/workspace/LC/src/backend/server_ofi.c:LCISD_server_init:51<info:ofi> Control progress mode: FI_PROGRESS_MANUAL
7:63721:/global/homes/j/jackyan/workspace/LC/src/backend/server_ofi.c:LCISD_server_init:54<info:ofi> Data progress mode: FI_PROGRESS_MANUAL
7:63721:/global/homes/j/jackyan/workspace/LC/src/backend/server_ofi.c:LCISD_server_init:57<info:ofi> Capacities: FI_MSG, FI_RMA, FI_READ, FI_WRITE, FI_RECV, FI_SEND, FI_REMOTE_READ, FI_REMOTE_WRITE, FI_MULTI_RECV, FI_TRIGGER, FI_SHARED_AV
7:63721:/global/homes/j/jackyan/workspace/LC/src/backend/server_ofi.c:LCISD_server_init:59<info:ofi> Mode: 
3:2540:/global/homes/j/jackyan/workspace/LC/src/backend/server_ofi.c:LCISD_endpoint_init:138<info:ofi> addrlen = 4
7:63721:/global/homes/j/jackyan/workspace/LC/src/backend/server_ofi.c:LCISD_endpoint_init:138<info:ofi> addrlen = 4
4:90240:/global/homes/j/jackyan/workspace/LC/src/backend/server_ofi.c:LCISD_server_init:43<info:ofi> Provider name: cxi
4:90240:/global/homes/j/jackyan/workspace/LC/src/backend/server_ofi.c:LCISD_server_init:45<info:ofi> MR mode hints: [FI_MR_LOCAL, FI_MR_VIRT_ADDR, FI_MR_ALLOCATED, FI_MR_PROV_KEY, FI_MR_ENDPOINT]
4:90240:/global/homes/j/jackyan/workspace/LC/src/backend/server_ofi.c:LCISD_server_init:47<info:ofi> MR mode provided: [FI_MR_ALLOCATED, FI_MR_PROV_KEY, FI_MR_ENDPOINT]
4:90240:/global/homes/j/jackyan/workspace/LC/src/backend/server_ofi.c:LCISD_server_init:49<info:ofi> Thread mode: FI_THREAD_SAFE
4:90240:/global/homes/j/jackyan/workspace/LC/src/backend/server_ofi.c:LCISD_server_init:51<info:ofi> Control progress mode: FI_PROGRESS_MANUAL
4:90240:/global/homes/j/jackyan/workspace/LC/src/backend/server_ofi.c:LCISD_server_init:54<info:ofi> Data progress mode: FI_PROGRESS_MANUAL
4:90240:/global/homes/j/jackyan/workspace/LC/src/backend/server_ofi.c:LCISD_server_init:57<info:ofi> Capacities: FI_MSG, FI_RMA, FI_READ, FI_WRITE, FI_RECV, FI_SEND, FI_REMOTE_READ, FI_REMOTE_WRITE, FI_MULTI_RECV, FI_TRIGGER, FI_SHARED_AV
4:90240:/global/homes/j/jackyan/workspace/LC/src/backend/server_ofi.c:LCISD_server_init:59<info:ofi> Mode: 
4:90240:/global/homes/j/jackyan/workspace/LC/src/backend/server_ofi.c:LCISD_endpoint_init:138<info:ofi> addrlen = 4
2:109240:/global/homes/j/jackyan/workspace/LC/src/backend/server_ofi.c:LCISD_server_init:43<info:ofi> Provider name: cxi
2:109240:/global/homes/j/jackyan/workspace/LC/src/backend/server_ofi.c:LCISD_server_init:45<info:ofi> MR mode hints: [FI_MR_LOCAL, FI_MR_VIRT_ADDR, FI_MR_ALLOCATED, FI_MR_PROV_KEY, FI_MR_ENDPOINT]
2:109240:/global/homes/j/jackyan/workspace/LC/src/backend/server_ofi.c:LCISD_server_init:47<info:ofi> MR mode provided: [FI_MR_ALLOCATED, FI_MR_PROV_KEY, FI_MR_ENDPOINT]
2:109240:/global/homes/j/jackyan/workspace/LC/src/backend/server_ofi.c:LCISD_server_init:49<info:ofi> Thread mode: FI_THREAD_SAFE
2:109240:/global/homes/j/jackyan/workspace/LC/src/backend/server_ofi.c:LCISD_server_init:51<info:ofi> Control progress mode: FI_PROGRESS_MANUAL
2:109240:/global/homes/j/jackyan/workspace/LC/src/backend/server_ofi.c:LCISD_server_init:54<info:ofi> Data progress mode: FI_PROGRESS_MANUAL
2:109240:/global/homes/j/jackyan/workspace/LC/src/backend/server_ofi.c:LCISD_server_init:57<info:ofi> Capacities: FI_MSG, FI_RMA, FI_READ, FI_WRITE, FI_RECV, FI_SEND, FI_REMOTE_READ, FI_REMOTE_WRITE, FI_MULTI_RECV, FI_TRIGGER, FI_SHARED_AV
2:109240:/global/homes/j/jackyan/workspace/LC/src/backend/server_ofi.c:LCISD_server_init:59<info:ofi> Mode: 
2:109240:/global/homes/j/jackyan/workspace/LC/src/backend/server_ofi.c:LCISD_endpoint_init:138<info:ofi> addrlen = 4
2:109240:/global/homes/j/jackyan/workspace/LC/src/backend/server_ofi.c:LCISD_endpoint_init:138<info:ofi> addrlen = 4
4:90240:/global/homes/j/jackyan/workspace/LC/src/backend/server_ofi.c:LCISD_endpoint_init:138<info:ofi> addrlen = 4
0:67902:/global/homes/j/jackyan/workspace/LC/src/backend/server_ofi.c:LCISD_endpoint_init:138<info:ofi> addrlen = 4
7:63721:/global/homes/j/jackyan/workspace/LC/src/backend/server_ofi.c:LCISD_endpoint_init:138<info:ofi> addrlen = 4
1:113233:/global/homes/j/jackyan/workspace/LC/src/backend/server_ofi.c:LCISD_endpoint_init:138<info:ofi> addrlen = 4
3:2540:/global/homes/j/jackyan/workspace/LC/src/backend/server_ofi.c:LCISD_endpoint_init:138<info:ofi> addrlen = 4
5:47461:/global/homes/j/jackyan/workspace/LC/src/backend/server_ofi.c:LCISD_endpoint_init:138<info:ofi> addrlen = 4
6:44741:/global/homes/j/jackyan/workspace/LC/src/backend/server_ofi.c:LCISD_endpoint_init:138<info:ofi> addrlen = 4
7:63721:/global/homes/j/jackyan/workspace/LC/src/backend/server_ofi.c:LCISD_server_init:43<info:ofi> Provider name: cxi
7:63721:/global/homes/j/jackyan/workspace/LC/src/backend/server_ofi.c:LCISD_server_init:45<info:ofi> MR mode hints: [FI_MR_LOCAL, FI_MR_VIRT_ADDR, FI_MR_ALLOCATED, FI_MR_PROV_KEY, FI_MR_ENDPOINT]
7:63721:/global/homes/j/jackyan/workspace/LC/src/backend/server_ofi.c:LCISD_server_init:47<info:ofi> MR mode provided: [FI_MR_ALLOCATED, FI_MR_PROV_KEY, FI_MR_ENDPOINT]
7:63721:/global/homes/j/jackyan/workspace/LC/src/backend/server_ofi.c:LCISD_server_init:49<info:ofi> Thread mode: FI_THREAD_SAFE
7:63721:/global/homes/j/jackyan/workspace/LC/src/backend/server_ofi.c:LCISD_server_init:51<info:ofi> Control progress mode: FI_PROGRESS_MANUAL
7:63721:/global/homes/j/jackyan/workspace/LC/src/backend/server_ofi.c:LCISD_server_init:54<info:ofi> Data progress mode: FI_PROGRESS_MANUAL
2:109240:/global/homes/j/jackyan/workspace/LC/src/backend/server_ofi.c:LCISD_server_init:43<info:ofi> Provider name: cxi
2:109240:/global/homes/j/jackyan/workspace/LC/src/backend/server_ofi.c:LCISD_server_init:45<info:ofi> MR mode hints: [FI_MR_LOCAL, FI_MR_VIRT_ADDR, FI_MR_ALLOCATED, FI_MR_PROV_KEY, FI_MR_ENDPOINT]
2:109240:/global/homes/j/jackyan/workspace/LC/src/backend/server_ofi.c:LCISD_server_init:47<info:ofi> MR mode provided: [FI_MR_ALLOCATED, FI_MR_PROV_KEY, FI_MR_ENDPOINT]
2:109240:/global/homes/j/jackyan/workspace/LC/src/backend/server_ofi.c:LCISD_server_init:49<info:ofi> Thread mode: FI_THREAD_SAFE
2:109240:/global/homes/j/jackyan/workspace/LC/src/backend/server_ofi.c:LCISD_server_init:51<info:ofi> Control progress mode: FI_PROGRESS_MANUAL
2:109240:/global/homes/j/jackyan/workspace/LC/src/backend/server_ofi.c:LCISD_server_init:54<info:ofi> Data progress mode: FI_PROGRESS_MANUAL
7:63721:/global/homes/j/jackyan/workspace/LC/src/backend/server_ofi.c:LCISD_server_init:57<info:ofi> Capacities: FI_MSG, FI_RMA, FI_READ, FI_WRITE, FI_RECV, FI_SEND, FI_REMOTE_READ, FI_REMOTE_WRITE, FI_MULTI_RECV, FI_TRIGGER, FI_SHARED_AV
7:63721:/global/homes/j/jackyan/workspace/LC/src/backend/server_ofi.c:LCISD_server_init:59<info:ofi> Mode: 
2:109240:/global/homes/j/jackyan/workspace/LC/src/backend/server_ofi.c:LCISD_server_init:57<info:ofi> Capacities: FI_MSG, FI_RMA, FI_READ, FI_WRITE, FI_RECV, FI_SEND, FI_REMOTE_READ, FI_REMOTE_WRITE, FI_MULTI_RECV, FI_TRIGGER, FI_SHARED_AV
2:109240:/global/homes/j/jackyan/workspace/LC/src/backend/server_ofi.c:LCISD_server_init:59<info:ofi> Mode: 
0:67902:/global/homes/j/jackyan/workspace/LC/src/backend/server_ofi.c:LCISD_server_init:43<info:ofi> Provider name: cxi
0:67902:/global/homes/j/jackyan/workspace/LC/src/backend/server_ofi.c:LCISD_server_init:45<info:ofi> MR mode hints: [FI_MR_LOCAL, FI_MR_VIRT_ADDR, FI_MR_ALLOCATED, FI_MR_PROV_KEY, FI_MR_ENDPOINT]
0:67902:/global/homes/j/jackyan/workspace/LC/src/backend/server_ofi.c:LCISD_server_init:47<info:ofi> MR mode provided: [FI_MR_ALLOCATED, FI_MR_PROV_KEY, FI_MR_ENDPOINT]
0:67902:/global/homes/j/jackyan/workspace/LC/src/backend/server_ofi.c:LCISD_server_init:49<info:ofi> Thread mode: FI_THREAD_SAFE
0:67902:/global/homes/j/jackyan/workspace/LC/src/backend/server_ofi.c:LCISD_server_init:51<info:ofi> Control progress mode: FI_PROGRESS_MANUAL
0:67902:/global/homes/j/jackyan/workspace/LC/src/backend/server_ofi.c:LCISD_server_init:54<info:ofi> Data progress mode: FI_PROGRESS_MANUAL
0:67902:/global/homes/j/jackyan/workspace/LC/src/backend/server_ofi.c:LCISD_server_init:57<info:ofi> Capacities: FI_MSG, FI_RMA, FI_READ, FI_WRITE, FI_RECV, FI_SEND, FI_REMOTE_READ, FI_REMOTE_WRITE, FI_MULTI_RECV, FI_TRIGGER, FI_SHARED_AV
0:67902:/global/homes/j/jackyan/workspace/LC/src/backend/server_ofi.c:LCISD_server_init:59<info:ofi> Mode: 
5:47461:/global/homes/j/jackyan/workspace/LC/src/backend/server_ofi.c:LCISD_server_init:43<info:ofi> Provider name: cxi
5:47461:/global/homes/j/jackyan/workspace/LC/src/backend/server_ofi.c:LCISD_server_init:45<info:ofi> MR mode hints: [FI_MR_LOCAL, FI_MR_VIRT_ADDR, FI_MR_ALLOCATED, FI_MR_PROV_KEY, FI_MR_ENDPOINT]
5:47461:/global/homes/j/jackyan/workspace/LC/src/backend/server_ofi.c:LCISD_server_init:47<info:ofi> MR mode provided: [FI_MR_ALLOCATED, FI_MR_PROV_KEY, FI_MR_ENDPOINT]
5:47461:/global/homes/j/jackyan/workspace/LC/src/backend/server_ofi.c:LCISD_server_init:49<info:ofi> Thread mode: FI_THREAD_SAFE
5:47461:/global/homes/j/jackyan/workspace/LC/src/backend/server_ofi.c:LCISD_server_init:51<info:ofi> Control progress mode: FI_PROGRESS_MANUAL
5:47461:/global/homes/j/jackyan/workspace/LC/src/backend/server_ofi.c:LCISD_server_init:54<info:ofi> Data progress mode: FI_PROGRESS_MANUAL
3:2540:/global/homes/j/jackyan/workspace/LC/src/backend/server_ofi.c:LCISD_server_init:43<info:ofi> Provider name: cxi
3:2540:/global/homes/j/jackyan/workspace/LC/src/backend/server_ofi.c:LCISD_server_init:45<info:ofi> MR mode hints: [FI_MR_LOCAL, FI_MR_VIRT_ADDR, FI_MR_ALLOCATED, FI_MR_PROV_KEY, FI_MR_ENDPOINT]
3:2540:/global/homes/j/jackyan/workspace/LC/src/backend/server_ofi.c:LCISD_server_init:47<info:ofi> MR mode provided: [FI_MR_ALLOCATED, FI_MR_PROV_KEY, FI_MR_ENDPOINT]
3:2540:/global/homes/j/jackyan/workspace/LC/src/backend/server_ofi.c:LCISD_server_init:49<info:ofi> Thread mode: FI_THREAD_SAFE
3:2540:/global/homes/j/jackyan/workspace/LC/src/backend/server_ofi.c:LCISD_server_init:51<info:ofi> Control progress mode: FI_PROGRESS_MANUAL
3:2540:/global/homes/j/jackyan/workspace/LC/src/backend/server_ofi.c:LCISD_server_init:54<info:ofi> Data progress mode: FI_PROGRESS_MANUAL
1:113233:/global/homes/j/jackyan/workspace/LC/src/backend/server_ofi.c:LCISD_server_init:43<info:ofi> Provider name: cxi
1:113233:/global/homes/j/jackyan/workspace/LC/src/backend/server_ofi.c:LCISD_server_init:45<info:ofi> MR mode hints: [FI_MR_LOCAL, FI_MR_VIRT_ADDR, FI_MR_ALLOCATED, FI_MR_PROV_KEY, FI_MR_ENDPOINT]
1:113233:/global/homes/j/jackyan/workspace/LC/src/backend/server_ofi.c:LCISD_server_init:47<info:ofi> MR mode provided: [FI_MR_ALLOCATED, FI_MR_PROV_KEY, FI_MR_ENDPOINT]
1:113233:/global/homes/j/jackyan/workspace/LC/src/backend/server_ofi.c:LCISD_server_init:49<info:ofi> Thread mode: FI_THREAD_SAFE
1:113233:/global/homes/j/jackyan/workspace/LC/src/backend/server_ofi.c:LCISD_server_init:51<info:ofi> Control progress mode: FI_PROGRESS_MANUAL
1:113233:/global/homes/j/jackyan/workspace/LC/src/backend/server_ofi.c:LCISD_server_init:54<info:ofi> Data progress mode: FI_PROGRESS_MANUAL
3:2540:/global/homes/j/jackyan/workspace/LC/src/backend/server_ofi.c:LCISD_server_init:57<info:ofi> Capacities: FI_MSG, FI_RMA, FI_READ, FI_WRITE, FI_RECV, FI_SEND, FI_REMOTE_READ, FI_REMOTE_WRITE, FI_MULTI_RECV, FI_TRIGGER, FI_SHARED_AV
3:2540:/global/homes/j/jackyan/workspace/LC/src/backend/server_ofi.c:LCISD_server_init:59<info:ofi> Mode: 
5:47461:/global/homes/j/jackyan/workspace/LC/src/backend/server_ofi.c:LCISD_server_init:57<info:ofi> Capacities: FI_MSG, FI_RMA, FI_READ, FI_WRITE, FI_RECV, FI_SEND, FI_REMOTE_READ, FI_REMOTE_WRITE, FI_MULTI_RECV, FI_TRIGGER, FI_SHARED_AV
5:47461:/global/homes/j/jackyan/workspace/LC/src/backend/server_ofi.c:LCISD_server_init:59<info:ofi> Mode: 
1:113233:/global/homes/j/jackyan/workspace/LC/src/backend/server_ofi.c:LCISD_server_init:57<info:ofi> Capacities: FI_MSG, FI_RMA, FI_READ, FI_WRITE, FI_RECV, FI_SEND, FI_REMOTE_READ, FI_REMOTE_WRITE, FI_MULTI_RECV, FI_TRIGGER, FI_SHARED_AV
1:113233:/global/homes/j/jackyan/workspace/LC/src/backend/server_ofi.c:LCISD_server_init:59<info:ofi> Mode: 
6:44741:/global/homes/j/jackyan/workspace/LC/src/backend/server_ofi.c:LCISD_server_init:43<info:ofi> Provider name: cxi
6:44741:/global/homes/j/jackyan/workspace/LC/src/backend/server_ofi.c:LCISD_server_init:45<info:ofi> MR mode hints: [FI_MR_LOCAL, FI_MR_VIRT_ADDR, FI_MR_ALLOCATED, FI_MR_PROV_KEY, FI_MR_ENDPOINT]
6:44741:/global/homes/j/jackyan/workspace/LC/src/backend/server_ofi.c:LCISD_server_init:47<info:ofi> MR mode provided: [FI_MR_ALLOCATED, FI_MR_PROV_KEY, FI_MR_ENDPOINT]
6:44741:/global/homes/j/jackyan/workspace/LC/src/backend/server_ofi.c:LCISD_server_init:49<info:ofi> Thread mode: FI_THREAD_SAFE
6:44741:/global/homes/j/jackyan/workspace/LC/src/backend/server_ofi.c:LCISD_server_init:51<info:ofi> Control progress mode: FI_PROGRESS_MANUAL
6:44741:/global/homes/j/jackyan/workspace/LC/src/backend/server_ofi.c:LCISD_server_init:54<info:ofi> Data progress mode: FI_PROGRESS_MANUAL
4:90240:/global/homes/j/jackyan/workspace/LC/src/backend/server_ofi.c:LCISD_server_init:43<info:ofi> Provider name: cxi
4:90240:/global/homes/j/jackyan/workspace/LC/src/backend/server_ofi.c:LCISD_server_init:45<info:ofi> MR mode hints: [FI_MR_LOCAL, FI_MR_VIRT_ADDR, FI_MR_ALLOCATED, FI_MR_PROV_KEY, FI_MR_ENDPOINT]
4:90240:/global/homes/j/jackyan/workspace/LC/src/backend/server_ofi.c:LCISD_server_init:47<info:ofi> MR mode provided: [FI_MR_ALLOCATED, FI_MR_PROV_KEY, FI_MR_ENDPOINT]
4:90240:/global/homes/j/jackyan/workspace/LC/src/backend/server_ofi.c:LCISD_server_init:49<info:ofi> Thread mode: FI_THREAD_SAFE
4:90240:/global/homes/j/jackyan/workspace/LC/src/backend/server_ofi.c:LCISD_server_init:51<info:ofi> Control progress mode: FI_PROGRESS_MANUAL
4:90240:/global/homes/j/jackyan/workspace/LC/src/backend/server_ofi.c:LCISD_server_init:54<info:ofi> Data progress mode: FI_PROGRESS_MANUAL
6:44741:/global/homes/j/jackyan/workspace/LC/src/backend/server_ofi.c:LCISD_server_init:57<info:ofi> Capacities: FI_MSG, FI_RMA, FI_READ, FI_WRITE, FI_RECV, FI_SEND, FI_REMOTE_READ, FI_REMOTE_WRITE, FI_MULTI_RECV, FI_TRIGGER, FI_SHARED_AV
6:44741:/global/homes/j/jackyan/workspace/LC/src/backend/server_ofi.c:LCISD_server_init:59<info:ofi> Mode: 
4:90240:/global/homes/j/jackyan/workspace/LC/src/backend/server_ofi.c:LCISD_server_init:57<info:ofi> Capacities: FI_MSG, FI_RMA, FI_READ, FI_WRITE, FI_RECV, FI_SEND, FI_REMOTE_READ, FI_REMOTE_WRITE, FI_MULTI_RECV, FI_TRIGGER, FI_SHARED_AV
4:90240:/global/homes/j/jackyan/workspace/LC/src/backend/server_ofi.c:LCISD_server_init:59<info:ofi> Mode: 
7:63721:/global/homes/j/jackyan/workspace/LC/src/backend/server_ofi.c:LCISD_endpoint_init:138<info:ofi> addrlen = 4
2:109240:/global/homes/j/jackyan/workspace/LC/src/backend/server_ofi.c:LCISD_endpoint_init:138<info:ofi> addrlen = 4
0:67902:/global/homes/j/jackyan/workspace/LC/src/backend/server_ofi.c:LCISD_endpoint_init:138<info:ofi> addrlen = 4
5:47461:/global/homes/j/jackyan/workspace/LC/src/backend/server_ofi.c:LCISD_endpoint_init:138<info:ofi> addrlen = 4
1:113233:/global/homes/j/jackyan/workspace/LC/src/backend/server_ofi.c:LCISD_endpoint_init:138<info:ofi> addrlen = 4
3:2540:/global/homes/j/jackyan/workspace/LC/src/backend/server_ofi.c:LCISD_endpoint_init:138<info:ofi> addrlen = 4
4:90240:/global/homes/j/jackyan/workspace/LC/src/backend/server_ofi.c:LCISD_endpoint_init:138<info:ofi> addrlen = 4
6:44741:/global/homes/j/jackyan/workspace/LC/src/backend/server_ofi.c:LCISD_endpoint_init:138<info:ofi> addrlen = 4
7:63721:/global/homes/j/jackyan/workspace/LC/src/backend/server_ofi.c:LCISD_endpoint_init:138<info:ofi> addrlen = 4
0:67902:/global/homes/j/jackyan/workspace/LC/src/backend/server_ofi.c:LCISD_endpoint_init:138<info:ofi> addrlen = 4
5:47461:/global/homes/j/jackyan/workspace/LC/src/backend/server_ofi.c:LCISD_endpoint_init:138<info:ofi> addrlen = 4
2:109240:/global/homes/j/jackyan/workspace/LC/src/backend/server_ofi.c:LCISD_endpoint_init:138<info:ofi> addrlen = 4
4:90240:/global/homes/j/jackyan/workspace/LC/src/backend/server_ofi.c:LCISD_endpoint_init:138<info:ofi> addrlen = 4
6:44741:/global/homes/j/jackyan/workspace/LC/src/backend/server_ofi.c:LCISD_endpoint_init:138<info:ofi> addrlen = 4
1:113233:/global/homes/j/jackyan/workspace/LC/src/backend/server_ofi.c:LCISD_endpoint_init:138<info:ofi> addrlen = 4
3:2540:/global/homes/j/jackyan/workspace/LC/src/backend/server_ofi.c:LCISD_endpoint_init:138<info:ofi> addrlen = 4
6:44741:/global/homes/j/jackyan/workspace/LC/src/runtime/progress.c:LCII_fill_rq:98<warn:warn> WARNING-LC: deadlock alert. There is only 0 packets left for post_recv
7:63721:/global/homes/j/jackyan/workspace/LC/src/runtime/progress.c:LCII_fill_rq:98<warn:warn> WARNING-LC: deadlock alert. There is only 0 packets left for post_recv
5:47461:/global/homes/j/jackyan/workspace/LC/src/runtime/progress.c:LCII_fill_rq:98<warn:warn> WARNING-LC: deadlock alert. There is only 0 packets left for post_recv
6:44741:/global/homes/j/jackyan/workspace/LC/src/runtime/progress.c:LCII_fill_rq:115<warn:warn> WARNING-LC: recovered from deadlock alert.
5:47461:/global/homes/j/jackyan/workspace/LC/src/runtime/progress.c:LCII_fill_rq:115<warn:warn> WARNING-LC: recovered from deadlock alert.
2:109240:/global/homes/j/jackyan/workspace/LC/src/runtime/progress.c:LCII_fill_rq:98<warn:warn> WARNING-LC: deadlock alert. There is only 0 packets left for post_recv
1:113233:/global/homes/j/jackyan/workspace/LC/src/runtime/progress.c:LCII_fill_rq:98<warn:warn> WARNING-LC: deadlock alert. There is only 0 packets left for post_recv
7:63721:/global/homes/j/jackyan/workspace/LC/src/runtime/progress.c:LCII_fill_rq:115<warn:warn> WARNING-LC: recovered from deadlock alert.
2:109240:/global/homes/j/jackyan/workspace/LC/src/runtime/progress.c:LCII_fill_rq:115<warn:warn> WARNING-LC: recovered from deadlock alert.
0:67902:/global/homes/j/jackyan/workspace/LC/src/runtime/progress.c:LCII_fill_rq:98<warn:warn> WARNING-LC: deadlock alert. There is only 0 packets left for post_recv
1:113233:/global/homes/j/jackyan/workspace/LC/src/runtime/progress.c:LCII_fill_rq:115<warn:warn> WARNING-LC: recovered from deadlock alert.
4:90240:/global/homes/j/jackyan/workspace/LC/src/runtime/progress.c:LCII_fill_rq:98<warn:warn> WARNING-LC: deadlock alert. There is only 0 packets left for post_recv
0:67902:/global/homes/j/jackyan/workspace/LC/src/runtime/progress.c:LCII_fill_rq:115<warn:warn> WARNING-LC: recovered from deadlock alert.
3:2540:/global/homes/j/jackyan/workspace/LC/src/runtime/progress.c:LCII_fill_rq:98<warn:warn> WARNING-LC: deadlock alert. There is only 0 packets left for post_recv
4:90240:/global/homes/j/jackyan/workspace/LC/src/runtime/progress.c:LCII_fill_rq:115<warn:warn> WARNING-LC: recovered from deadlock alert.
3:2540:/global/homes/j/jackyan/workspace/LC/src/runtime/progress.c:LCII_fill_rq:115<warn:warn> WARNING-LC: recovered from deadlock alert.




          ___       _      _____ _                 
         / _ \  ___| |_ __|_   _(_) __ _  ___ _ __ 
        | | | |/ __| __/ _ \| | | |/ _` |/ _ \ '__|
        | |_| | (__| || (_) | | | | (_| |  __/ |   
         \___/ \___|\__\___/|_| |_|\__, |\___|_|   
      _                            |___/           
     (_)
              _ __..-;''`-
      O   (`/' ` |  \ \ \ \-.
       o /'`\ \   |  \ | \|  \
        /<7' ;  \ \  | ; ||/ `'.
       /  _.-, `,-\,__| ' ' . `'.
       `-`  f/ ;       \        \             ___.--,
           `~-'_.._     |  -~    |     _.---'`__.-( (_.
        __.--'`_.. '.__.\    '--. \_.-' ,.--'`     `""`
       ( ,.--'`   ',__ /./;   ;, '.__.'`    __
       _`) )  .---.__.' / |   |\   \__..--""  """--.,_
      `---' .'.''-._.-'`_./  /\ '.  \ _.-~~~````~~~-._`-.__.'
            | |  .' _.-' |  |  \  \  '.               `~---`
             \ \/ .'     \  \   '. '-._)
              \/ /        \  \    `=.__`~-.
              / /\         `) )    / / `"".`\
        , _.-'.'\ \        / /    ( (     / /
         `--~`   ) )    .-'.'      '.'.  | (
                (/`    ( (`          ) )  '-;
                 `      '-;         (-'





    
###########################################################
Compiled for AVX2 SIMD architectures.
###########################################################
Running
Start octotiger
Start processing options
atomic_number=
atomic_mass=
X=
Z=
accretor_refine = 0
amrbnd_order = 1
bench = F
cdisc_detect = T
cfl = 4.000000e-01
clight_retard = 1.000000e+01
config_file = /global/u1/j/jackyan/workspace/octotiger-scripts/data/rotating_star.ini
core_refine = F
correct_am_grav = T
correct_am_hydro = F
code_to_cm = 1.000000e+00
code_to_g = 1.000000e+00
code_to_s = 1.000000e+00
data_dir = ./
disable_output = T
driving_rate = 0.000000e+00
driving_time = 0.000000e+00
dt_max = 3.333330e-01
donor_refine = 0
dual_energy_sw1 = 1.000000e-03
dual_energy_sw2 = 1.000000e-01
eblast0 = 1.000000e+00
eos = IDEAL
entropy_driving_rate = 0.000000e+00
entropy_driving_time = 0.000000e+00
future_wait_time = -1
grad_rho_refine = -1.000000e+00
hard_dt = -1.000000e+00
hydro = T
inflow_bc = F
input_file = rotating_star.bin
min_level = 1
max_level = 6
n_species = 5
ngrids = -1
omega = 0.000000e+00
output_dt = 1.000000e-01
output_filename = 
problem = ROTATING_STAR
rad_implicit = T
radiation = F
refinement_floor = 1.000000e-03
reflect_bc = F
restart_filename = 
rotating_star_amr = F
rotating_star_x = 0.000000e+00
scf_output_frequency = 25
silo_num_groups = 8
stop_step = 5
stop_time = 1.000000e-01
theta = 3.400000e-01
unigrid = F
v1309 = F
idle_rates = F
xscale = 1.500000e+00
cuda_number_gpus = 1
cuda_streams_per_gpu = 128
cuda_buffer_capacity = 1
max_executor_slices = 1
amr_boundary_kernel_type = AMR_OPTIMIZED
root_node_on_device = T
optimize_local_communication = T
multipole_device_kernel_type = CUDA
multipole_host_kernel_type = DEVICE_ONLY
monopole_device_kernel_type = CUDA
monopole_host_kernel_type = DEVICE_ONLY
hydro_device_kernel_type = CUDA
hydro_host_kernel_type = DEVICE_ONLY
Normalized constants 222
1.000000e+00 1.000000e+00 3.871264e+03 1.000000e+00
A = 1.000000e+00 | B = 1.000000e+00 | G = 1.000000e+00 | kb = 2.069149e-09 | c = 1.160576e+14 | mh = 1.673300e-24 | sigma = 3.289883e+06 | h = 2.565129e-23
Finished processing options
SCF option file "scf.init" not found - using defaults
Initialize executors and masks...
Registering HPX CUDA polling...
Registered HPX CUDA polling...
CUDA is enabled!
CUDA with polling futures enabled!
Initialize executors and masks...
Initialize executors and masks...
Registering HPX CUDA polling...
Initialize executors and masks...
Registered HPX CUDA polling...
Registering HPX CUDA polling...
Initialize executors and masks...
Initialize executors and masks...
CUDA is enabled!
CUDA with polling futures enabled!
Registered HPX CUDA polling...
Initialize executors and masks...
Registering HPX CUDA polling...
CUDA is enabled!
CUDA with polling futures enabled!
Registering HPX CUDA polling...
Initialize executors and masks...
Registering HPX CUDA polling...
CUDA is enabled!
CUDA with polling futures enabled!
Registered HPX CUDA polling...
CUDA is enabled!
Registered HPX CUDA polling...
CUDA is enabled!
Registering HPX CUDA polling...
CUDA is enabled!
CUDA with polling futures enabled!
Registering HPX CUDA polling...
CUDA with polling futures enabled!
Registered HPX CUDA polling...
CUDA with polling futures enabled!
Registered HPX CUDA polling...
CUDA is enabled!
CUDA with polling futures enabled!
Registered HPX CUDA polling...
Stencils initialized!
Finished executor init and read options
Initialize problem...
Compiled with max nf -DOCTOTIGER_WITH_MAX_NUMBER_FIELDS=15
Problem initialized!
Finished initializing options
Starting to compute ilist...
Stencils initialized!
Finished executor init and read options
Initialize problem...
Compiled with max nf -DOCTOTIGER_WITH_MAX_NUMBER_FIELDS=15
Problem initialized!
Finished initializing options
Starting to compute ilist...
Stencils initialized!
Finished executor init and read options
Initialize problem...
Compiled with max nf -DOCTOTIGER_WITH_MAX_NUMBER_FIELDS=15
Problem initialized!
Finished initializing options
Starting to compute ilist...
Stencils initialized!
Finished executor init and read options
Initialize problem...
Compiled with max nf -DOCTOTIGER_WITH_MAX_NUMBER_FIELDS=15
Problem initialized!
Finished initializing options
Starting to compute ilist...
Stencils initialized!
Finished executor init and read options
Initialize problem...
Compiled with max nf -DOCTOTIGER_WITH_MAX_NUMBER_FIELDS=15
Problem initialized!
Finished initializing options
Starting to compute ilist...
Stencils initialized!
Finished executor init and read options
Initialize problem...
Compiled with max nf -DOCTOTIGER_WITH_MAX_NUMBER_FIELDS=15
Problem initialized!
Finished initializing options
Starting to compute ilist...
Stencils initialized!
Finished executor init and read options
Initialize problem...
Compiled with max nf -DOCTOTIGER_WITH_MAX_NUMBER_FIELDS=15
Problem initialized!
Finished initializing options
Starting to compute ilist...
ilist initialized!
Finished computing factors
Finished static_init
Normalized constants 222
1.000000e+00 1.000000e+00 3.871264e+03 1.000000e+00
A = 1.000000e+00 | B = 1.000000e+00 | G = 1.000000e+00 | kb = 2.069149e-09 | c = 1.160576e+14 | mh = 1.673300e-24 | sigma = 3.289883e+06 | h = 2.565129e-23
Finished normalizing
Finished initialization
Stencils initialized!
Finished executor init and read options
Initialize problem...
Compiled with max nf -DOCTOTIGER_WITH_MAX_NUMBER_FIELDS=15
Problem initialized!
Finished initializing options
Starting to compute ilist...
ilist initialized!
Finished computing factors
Finished static_init
Finished normalizing
Finished initialization
ilist initialized!
Finished computing factors
Finished static_init
Finished normalizing
Finished initialization
ilist initialized!
Finished computing factors
Finished static_init
Finished normalizing
Finished initialization
ilist initialized!
Finished computing factors
Finished static_init
Finished normalizing
Finished initialization
ilist initialized!
Finished computing factors
Finished static_init
Finished normalizing
Finished initialization
ilist initialized!
Finished computing factors
Finished static_init
Finished normalizing
Finished initialization
ilist initialized!
Finished computing factors
Finished static_init
Finished normalizing
Finished initialization
Finished init
Initializing cell_geometry 3 8 14
Reading rotating_star.bin
Done reading rotating_star.bin
Omega = 5.155548e-01
Found root
Starting refinement
-----------------------------------------------
checking for refinement
regridding
Regridded tree in 0.000002 seconds
rebalancing 9 nodes with 8 leaves
Initializing cell_geometry 3 8 14
Initializing cell_geometry 3 8 14
Initializing cell_geometry 3 8 14
Initializing cell_geometry 3 8 14
Initializing cell_geometry 3 8 14
Initializing cell_geometry 3 8 14
Initializing cell_geometry 3 8 14
Reading rotating_star.bin
Done reading rotating_star.bin
Omega = 5.155548e-01
Reading rotating_star.bin
Done reading rotating_star.bin
Omega = 5.155548e-01
Reading rotating_star.bin
Done reading rotating_star.bin
Omega = 5.155548e-01
Reading rotating_star.bin
Done reading rotating_star.bin
Omega = 5.155548e-01
Reading rotating_star.bin
Done reading rotating_star.bin
Omega = 5.155548e-01
Reading rotating_star.bin
Done reading rotating_star.bin
Omega = 5.155548e-01
Reading rotating_star.bin
Done reading rotating_star.bin
Omega = 5.155548e-01
Rebalanced tree in 0.009861 seconds
forming tree connections
24 amr boundaries
Formed tree in 0.004909 seconds
solving gravity
regrid done in 0.024009 seconds
---------------------------------------
---------------Created Level 1---------------

-----------------------------------------------
checking for refinement
regridding
Regridded tree in 0.000277 seconds
rebalancing 73 nodes with 64 leaves
Rebalanced tree in 0.004207 seconds
forming tree connections
120 amr boundaries
Formed tree in 0.009765 seconds
solving gravity
regrid done in 0.029376 seconds
---------------------------------------
---------------Created Level 2---------------

-----------------------------------------------
checking for refinement
regridding
Regridded tree in 0.000729 seconds
rebalancing 265 nodes with 232 leaves
Rebalanced tree in 0.008777 seconds
forming tree connections
344 amr boundaries
Formed tree in 0.033042 seconds
solving gravity
regrid done in 0.072543 seconds
---------------------------------------
---------------Created Level 3---------------

-----------------------------------------------
checking for refinement
regridding
Regridded tree in 0.000329 seconds
rebalancing 1353 nodes with 1184 leaves
Rebalanced tree in 0.023581 seconds
forming tree connections
1080 amr boundaries
Formed tree in 0.127718 seconds
solving gravity
regrid done in 0.236221 seconds
---------------------------------------
---------------Created Level 4---------------

-----------------------------------------------
checking for refinement
regridding
Regridded tree in 0.001063 seconds
rebalancing 5897 nodes with 5160 leaves
Rebalanced tree in 0.074857 seconds
forming tree connections
3096 amr boundaries
Formed tree in 0.266875 seconds
solving gravity
regrid done in 0.462954 seconds
---------------------------------------
---------------Created Level 5---------------

-----------------------------------------------
checking for refinement
regridding
Regridded tree in 0.004902 seconds
rebalancing 31817 nodes with 27840 leaves
Rebalanced tree in 0.294124 seconds
forming tree connections
9848 amr boundaries
Formed tree in 1.754378 seconds
solving gravity
regrid done in 2.402597 seconds
---------------------------------------
---------------Created Level 6---------------

-----------------------------------------------
checking for refinement
regridding
Regridded tree in 0.029058 seconds
rebalancing 31817 nodes with 27840 leaves
Rebalanced tree in 0.035445 seconds
forming tree connections
9848 amr boundaries
Formed tree in 2.485933 seconds
solving gravity
regrid done in 2.970524 seconds
---------------------------------------
---------------Re-gridded Level 6---------------

solving gravity------------
...done
Start execution the solver...
Starting run...
Solving gravity
-----------------------------------------------
checking for refinement
regridding
Regridded tree in 0.028319 seconds
rebalancing 31817 nodes with 27840 leaves
Rebalanced tree in 0.072897 seconds
forming tree connections
9848 amr boundaries
Formed tree in 2.761150 seconds
solving gravity
regrid done in 3.293698 seconds
---------------------------------------
OMEGA = 0.000000e+00, output_dt = 1.000000e-01
0.000000e+00 1.000000e-01
normal step...
1 8.162554e-04 8.162554e-04 3.194708e+00 8.162554e-04
2 2.465312e-03 1.649056e-03 2.938901e+00 2.465312e-03
3 4.124444e-03 1.659133e-03 2.891893e+00 4.124444e-03
4 5.917827e-03 1.793383e-03 2.948679e+00 5.917827e-03
4 7.693548e-03 1.775721e-03 2.729092e+00 7.693548e-03
TS 4:: t: 7.693548e-03, dt: 1.775721e-03, time_elapsed: 1.471980e+01, rotational_time: 7.693548e-03, x: -7.939453e-01, y: 4.716797e-01, z: -4.980469e-02, a: 1.319887e+00, ur: 1.497211e-10, ul: 1.213421e-10, vr: 1.601830e-01, vl: 3.444650e-01, dim: 1, ngrids: 31817, leafs: 27840, amr_boundaries: 9848
-----------------------------------------------
checking for refinement
regridding
Regridded tree in 0.039418 seconds
rebalancing 31817 nodes with 27840 leaves
Rebalanced tree in 0.097925 seconds
forming tree connections
9848 amr boundaries
Formed tree in 2.424349 seconds
solving gravity
regrid done in 3.004941 seconds
---------------------------------------
normal step...
5 9.516996e-03 1.823448e-03 3.065157e+00 9.516996e-03
TS 5:: t: 9.516996e-03, dt: 1.823448e-03, time_elapsed: 3.070494e+00, rotational_time: 9.516996e-03, x: -4.658203e-01, y: -7.939453e-01, z: -4.980469e-02, a: 1.285340e+00, ur: 1.432852e-10, ul: 1.885838e-10, vr: 3.800034e-01, vl: 2.199759e-01, dim: 0, ngrids: 31817, leafs: 27840, amr_boundaries: 9848
L1, L2
             rho 4.436939e-07 2.812505e-06
            egas 8.429092e-08 7.305101e-07
             tau 1.972875e-07 1.249600e-06
             pot 5.286035e-03 3.962596e-02
              sx 9.042949e-08 5.726110e-07
              sy 9.042950e-08 5.726110e-07
              sz 4.802687e-08 4.104289e-07
              zx 1.461544e-04 8.888269e-04
              zy 1.461544e-04 8.888269e-04
              zz 5.833353e-04 3.077057e-03
           spc_1 4.436940e-07 2.812505e-06
           spc_2 7.219703e-14 1.147375e-12
           spc_3 0.000000e+00 0.000000e+00
           spc_4 0.000000e+00 0.000000e+00
           spc_5 0.000000e+00 0.000000e+00
Finished solver exeuction - Scenario done!
Start timings report...
...:
   Total: 20.7956
   Computation: 17.768 (85.4412 %)
   Regrid: 6.29893 (30.2898 %)
   Computation + Regrid: 24.0669 (115.731 %)
Finished timings report!
Start cleanup...
Unregistering cuda polling...
Unregistering cuda polling...
Unregistering cuda polling...
Unregistering cuda polling...
Unregistering cuda polling...
Unregistering cuda polling...
Unregistering cuda polling...
Unregistering cuda polling...
Localities cleanup finished
Exiting...
